Equal (took 14.059ms)
Proof:
  [HH] p0, p10 <- 010 + 119 + 119 + 128 + 137 + 146 + 155 + 164 + 173 + 182 + 189 + 198 + 20 + 27
  [HH] p1, p13 <- 016 + 115 + 106 + 115 + 124 + 133 + 142 + 149 + 158 + 167 + 176 + 179 + 185 + 188 + 194 + 197 + 23 + 26
  [HH] p2, p16 <- 017 + 116 + 107 + 116 + 125 + 134 + 143 + 152 + 159 + 168 + 177 + 186 + 189 + 195 + 198 + 24 + 27
  [HH] p3, p15 <- 018 + 117 + 108 + 117 + 126 + 135 + 144 + 153 + 162 + 169 + 178 + 187 + 196 + 199 + 25 + 28
  [HH] p4, p14 <- 019 + 118 + 109 + 118 + 127 + 136 + 145 + 154 + 163 + 172 + 179 + 188 + 197 + 26 + 29
  [HH] p5, p17 <- 012 + 015 + 111 + 114 + 102 + 105 + 114 + 123 + 132 + 169 + 178 + 187 + 196 + 25
  [HH] p6, p18 <- 011 + 014 + 110 + 113 + 104 + 113 + 122 + 159 + 168 + 177 + 186 + 195 + 24
  [HH] p7, p19 <- 010 + 013 + 112 + 103 + 112 + 149 + 158 + 167 + 176 + 185 + 194 + 23
  [HH] p8, p12 <- 012 + 111 + 102 + 139 + 148 + 157 + 166 + 175 + 184 + 193 + 22
  [HH] p9, p11 <- 011 + 110 + 129 + 138 + 147 + 156 + 165 + 174 + 183 + 192 + 199 + 21 + 28
  [HH] p20, p21 <- 119 + 119 + 128 + 137 + 146 + 155 + 164 + 173 + 182 + 189 + 198 + 20 + 27
  [HH] p22, p23 <- 110 + 129 + 138 + 147 + 156 + 165 + 174 + 183 + 192 + 199 + 21 + 28
  [HH] p24, p25 <- 129 + 138 + 147 + 156 + 165 + 174 + 183 + 192 + 199 + 21 + 28
  [HH] p26, p27 <- 111 + 102 + 139 + 148 + 157 + 166 + 175 + 184 + 193 + 22
  [HH] p28, p29 <- 102 + 139 + 148 + 157 + 166 + 175 + 184 + 193 + 22
  [HH] p30, p31 <- 139 + 148 + 157 + 166 + 175 + 184 + 193 + 22
  [HH] p32, p33 <- 112 + 119 + 103 + 112 + 119 + 128 + 137 + 146 + 149 + 155 + 158 + 164 + 167 + 173 + 176 + 182 + 185 + 189 + 194 + 198 + 20 + 23 + 27
  [HH] p34, p35 <- 119 + 103 + 112 + 119 + 128 + 137 + 146 + 149 + 155 + 158 + 164 + 167 + 173 + 176 + 182 + 185 + 189 + 194 + 198 + 20 + 23 + 27
  [HH] p36, p37 <- 119 + 103 + 119 + 128 + 137 + 146 + 149 + 155 + 158 + 164 + 167 + 173 + 176 + 182 + 185 + 189 + 194 + 198 + 20 + 23 + 27
  [HH] p38, p39 <- 119 + 119 + 128 + 137 + 146 + 149 + 155 + 158 + 164 + 167 + 173 + 176 + 182 + 185 + 189 + 194 + 198 + 20 + 23 + 27
  [HH] p40, p41 <- 113 + 104 + 113 + 122 + 129 + 138 + 147 + 156 + 159 + 165 + 168 + 174 + 177 + 183 + 186 + 192 + 195 + 199 + 21 + 24 + 28
  [HH] p42, p43 <- 104 + 113 + 122 + 129 + 138 + 147 + 156 + 159 + 165 + 168 + 174 + 177 + 183 + 186 + 192 + 195 + 199 + 21 + 24 + 28
  [HH] p44, p45 <- 104 + 113 + 129 + 138 + 147 + 156 + 159 + 165 + 168 + 174 + 177 + 183 + 186 + 192 + 195 + 199 + 21 + 24 + 28
  [HH] p46, p47 <- 104 + 129 + 138 + 147 + 156 + 159 + 165 + 168 + 174 + 177 + 183 + 186 + 192 + 195 + 199 + 21 + 24 + 28
  [HH] p48, p49 <- 129 + 138 + 147 + 156 + 159 + 165 + 168 + 174 + 177 + 183 + 186 + 192 + 195 + 199 + 21 + 24 + 28
  [HH] p50, p51 <- 114 + 105 + 114 + 123 + 132 + 139 + 148 + 157 + 166 + 169 + 175 + 178 + 184 + 187 + 193 + 196 + 22 + 25
  [HH] p52, p53 <- 105 + 114 + 123 + 132 + 139 + 148 + 157 + 166 + 169 + 175 + 178 + 184 + 187 + 193 + 196 + 22 + 25
  [HH] p54, p55 <- 105 + 114 + 123 + 139 + 148 + 157 + 166 + 169 + 175 + 178 + 184 + 187 + 193 + 196 + 22 + 25
  [HH] p56, p57 <- 105 + 114 + 139 + 148 + 157 + 166 + 169 + 175 + 178 + 184 + 187 + 193 + 196 + 22 + 25
  [HH] p58, p59 <- 105 + 139 + 148 + 157 + 166 + 169 + 175 + 178 + 184 + 187 + 193 + 196 + 22 + 25
  [HH] p60, p61 <- 139 + 148 + 157 + 166 + 169 + 175 + 178 + 184 + 187 + 193 + 196 + 22 + 25
  [HH] p62, p63 <- 115 + 106 + 115 + 124 + 133 + 142 + 149 + 158 + 167 + 176 + 179 + 185 + 188 + 194 + 197 + 23 + 26
  [HH] p64, p65 <- 106 + 115 + 124 + 133 + 142 + 149 + 158 + 167 + 176 + 179 + 185 + 188 + 194 + 197 + 23 + 26
  [HH] p66, p67 <- 106 + 115 + 124 + 133 + 149 + 158 + 167 + 176 + 179 + 185 + 188 + 194 + 197 + 23 + 26
  [HH] p68, p69 <- 106 + 115 + 124 + 149 + 158 + 167 + 176 + 179 + 185 + 188 + 194 + 197 + 23 + 26
  [HH] p70, p71 <- 106 + 115 + 149 + 158 + 167 + 176 + 179 + 185 + 188 + 194 + 197 + 23 + 26
  [HH] p72, p73 <- 106 + 149 + 158 + 167 + 176 + 179 + 185 + 188 + 194 + 197 + 23 + 26
  [HH] p74, p75 <- 149 + 158 + 167 + 176 + 179 + 185 + 188 + 194 + 197 + 23 + 26
  [HH] p76, p77 <- 116 + 107 + 116 + 125 + 134 + 143 + 152 + 159 + 168 + 177 + 186 + 189 + 195 + 198 + 24 + 27
  [HH] p78, p79 <- 107 + 116 + 125 + 134 + 143 + 152 + 159 + 168 + 177 + 186 + 189 + 195 + 198 + 24 + 27
  [HH] p80, p81 <- 107 + 116 + 125 + 134 + 143 + 159 + 168 + 177 + 186 + 189 + 195 + 198 + 24 + 27
  [HH] p82, p83 <- 107 + 116 + 125 + 134 + 159 + 168 + 177 + 186 + 189 + 195 + 198 + 24 + 27
  [HH] p84, p85 <- 107 + 116 + 125 + 159 + 168 + 177 + 186 + 189 + 195 + 198 + 24 + 27
  [HH] p86, p87 <- 107 + 116 + 159 + 168 + 177 + 186 + 189 + 195 + 198 + 24 + 27
  [HH] p88, p89 <- 107 + 159 + 168 + 177 + 186 + 189 + 195 + 198 + 24 + 27
  [HH] p90, p91 <- 159 + 168 + 177 + 186 + 189 + 195 + 198 + 24 + 27
  [HH] p92, p93 <- 117 + 108 + 117 + 126 + 135 + 144 + 153 + 162 + 169 + 178 + 187 + 196 + 199 + 25 + 28
  [HH] p94, p95 <- 108 + 117 + 126 + 135 + 144 + 153 + 162 + 169 + 178 + 187 + 196 + 199 + 25 + 28
  [HH] p96, p97 <- 108 + 117 + 126 + 135 + 144 + 153 + 169 + 178 + 187 + 196 + 199 + 25 + 28
  [HH] p98, p99 <- 108 + 117 + 126 + 135 + 144 + 169 + 178 + 187 + 196 + 199 + 25 + 28
  [HH] p100, p101 <- 108 + 117 + 126 + 135 + 169 + 178 + 187 + 196 + 199 + 25 + 28
  [HH] p102, p103 <- 108 + 117 + 126 + 169 + 178 + 187 + 196 + 199 + 25 + 28
  [HH] p104, p105 <- 108 + 117 + 169 + 178 + 187 + 196 + 199 + 25 + 28
  [HH] p106, p107 <- 108 + 169 + 178 + 187 + 196 + 199 + 25 + 28
  [HH] p108, p109 <- 169 + 178 + 187 + 196 + 199 + 25 + 28
  [Elim] p130
  [HH] p110, p111 <- 118 + 109 + 118 + 127 + 136 + 145 + 154 + 163 + 172 + 179 + 188 + 197 + 26 + 29
  [HH] p112, p113 <- 109 + 118 + 127 + 136 + 145 + 154 + 163 + 172 + 179 + 188 + 197 + 26 + 29
  [HH] p114, p115 <- 109 + 118 + 127 + 136 + 145 + 154 + 163 + 179 + 188 + 197 + 26 + 29
  [HH] p116, p117 <- 109 + 118 + 127 + 136 + 145 + 154 + 179 + 188 + 197 + 26 + 29
  [HH] p118, p119 <- 109 + 118 + 127 + 136 + 145 + 179 + 188 + 197 + 26 + 29
  [HH] p120, p121 <- 109 + 118 + 127 + 136 + 179 + 188 + 197 + 26 + 29
  [HH] p122, p123 <- 109 + 118 + 127 + 179 + 188 + 197 + 26 + 29
  [HH] p124, p125 <- 109 + 118 + 179 + 188 + 197 + 26 + 29
  [HH] p126, p127 <- 109 + 179 + 188 + 197 + 26 + 29
  [Elim] p128
  [HH] p132, p133 <- 189 + 27
  [Elim] p134
  [HH] p136, p137 <- 179 + 188 + 26
  [HH] p138, p139 <- 179 + 26
  [Elim] p140
  [HH] p142, p143 <- 169 + 178 + 187 + 25
  [HH] p144, p145 <- 169 + 178 + 25
  [HH] p146, p147 <- 169 + 25
  [Elim] p148
  [HH] p150, p151 <- 159 + 168 + 177 + 186 + 24
  [HH] p152, p153 <- 159 + 168 + 177 + 24
  [HH] p154, p155 <- 159 + 168 + 24
  [HH] p156, p157 <- 159 + 24
  [Elim] p158
  [HH] p160, p161 <- 149 + 158 + 167 + 176 + 185 + 23
  [HH] p162, p163 <- 149 + 158 + 167 + 176 + 23
  [HH] p164, p165 <- 149 + 158 + 167 + 23
  [HH] p166, p167 <- 149 + 158 + 23
  [HH] p168, p169 <- 149 + 23
  [Elim] p170
  [HH] p172, p173 <- 139 + 148 + 157 + 166 + 175 + 184 + 22
  [HH] p174, p175 <- 139 + 148 + 157 + 166 + 175 + 22
  [HH] p176, p177 <- 139 + 148 + 157 + 166 + 22
  [HH] p178, p179 <- 139 + 148 + 157 + 22
  [HH] p180, p181 <- 139 + 148 + 22
  [HH] p182, p183 <- 139 + 22
  [Elim] p184
  [HH] p186, p187 <- 129 + 138 + 147 + 156 + 165 + 174 + 183 + 21
  [HH] p188, p189 <- 129 + 138 + 147 + 156 + 165 + 174 + 21
  [HH] p190, p191 <- 129 + 138 + 147 + 156 + 165 + 21
  [HH] p192, p193 <- 129 + 138 + 147 + 156 + 21
  [HH] p194, p195 <- 129 + 138 + 147 + 21
  [HH] p196, p197 <- 129 + 138 + 21
  [HH] p198, p199 <- 129 + 21
  [Elim] p200
  [HH] p202, p203 <- 119 + 128 + 137 + 146 + 155 + 164 + 173 + 182 + 20
  [HH] p204, p205 <- 119 + 128 + 137 + 146 + 155 + 164 + 173 + 20
  [HH] p206, p207 <- 119 + 128 + 137 + 146 + 155 + 164 + 20
  [HH] p208, p209 <- 119 + 128 + 137 + 146 + 155 + 20
  [HH] p210, p211 <- 119 + 128 + 137 + 146 + 20
  [HH] p212, p213 <- 119 + 128 + 137 + 20
  [HH] p214, p215 <- 119 + 128 + 20
  [HH] p216, p217 <- 119 + 20
  [Elim] p218
