Equal (took 42.751ms)
Proof:
  [HH] p0, p19 <- 016 + 131 + 1022 + 1121 + 1220 + 1231 + 1319 + 1330 + 1418 + 1429 + 1431 + 1517 + 1528 + 1530 + 1531 + 230 + 239 + 248 + 257 + 266 + 275 + 284 + 293 + 32 + 43 + 45 + 46
  [HH] p1, p17 <- 016 + 017 + 019 + 116 + 118 + 1025 + 1124 + 1223 + 1322 + 1421 + 1520 + 1531 + 163 + 172 + 269 + 278 + 287 + 296 + 305 + 314 + 35 + 46
  [HH] p2, p20 <- 025 + 124 + 1026 + 1028 + 1029 + 1031 + 1125 + 1127 + 1128 + 1130 + 1224 + 1226 + 1227 + 1229 + 1323 + 1325 + 1326 + 1328 + 1422 + 1424 + 1425 + 1427 + 1521 + 1523 + 1524 + 1526 + 169 + 178 + 187 + 196 + 223 + 205 + 214 + 223 + 279 + 288 + 297 + 299 + 306 + 308 + 309 + 315 + 317 + 318 + 36 + 38 + 39 + 41
  [HH] p3, p16 <- 016 + 019 + 022 + 118 + 121 + 1026 + 1028 + 1125 + 1127 + 1224 + 1226 + 1323 + 1325 + 1422 + 1424 + 1521 + 1523 + 163 + 166 + 172 + 175 + 184 + 193 + 220 + 279 + 288 + 297 + 299 + 306 + 308 + 315 + 317 + 36 + 38
  [HH] p4, p21 <- 026 + 125 + 1016 + 1027 + 1029 + 1030 + 1126 + 1128 + 1129 + 1131 + 1225 + 1227 + 1228 + 1230 + 1324 + 1326 + 1327 + 1329 + 1423 + 1425 + 1426 + 1428 + 1522 + 1524 + 1525 + 1527 + 179 + 188 + 197 + 224 + 206 + 215 + 224 + 233 + 289 + 298 + 307 + 309 + 316 + 318 + 319 + 37 + 39 + 40 + 42
  [HH] p5, p26 <- 027 + 126 + 1017 + 1028 + 1030 + 1031 + 1116 + 1127 + 1129 + 1130 + 1226 + 1228 + 1229 + 1231 + 1325 + 1327 + 1328 + 1330 + 1424 + 1426 + 1427 + 1429 + 1523 + 1525 + 1526 + 1528 + 189 + 198 + 225 + 207 + 216 + 225 + 234 + 243 + 299 + 308 + 317 + 319 + 38 + 40 + 41 + 43
  [HH] p6, p25 <- 028 + 127 + 1018 + 1029 + 1031 + 1117 + 1128 + 1130 + 1131 + 1216 + 1227 + 1229 + 1230 + 1326 + 1328 + 1329 + 1331 + 1425 + 1427 + 1428 + 1430 + 1524 + 1526 + 1527 + 1529 + 199 + 226 + 208 + 217 + 226 + 235 + 244 + 253 + 309 + 318 + 39 + 41 + 42 + 44
  [HH] p7, p22 <- 029 + 128 + 1019 + 1030 + 1118 + 1129 + 1131 + 1217 + 1228 + 1230 + 1231 + 1316 + 1327 + 1329 + 1330 + 1426 + 1428 + 1429 + 1431 + 1525 + 1527 + 1528 + 1530 + 227 + 209 + 218 + 227 + 236 + 245 + 254 + 263 + 319 + 40 + 42 + 43 + 45
  [HH] p8, p23 <- 030 + 129 + 1020 + 1031 + 1119 + 1130 + 1218 + 1229 + 1231 + 1317 + 1328 + 1330 + 1331 + 1416 + 1427 + 1429 + 1430 + 1526 + 1528 + 1529 + 1531 + 228 + 219 + 228 + 237 + 246 + 255 + 264 + 273 + 41 + 43 + 44 + 46
  [HH] p9, p24 <- 031 + 130 + 1021 + 1120 + 1131 + 1219 + 1230 + 1318 + 1329 + 1331 + 1417 + 1428 + 1430 + 1431 + 1516 + 1527 + 1529 + 1530 + 229 + 229 + 238 + 247 + 256 + 265 + 274 + 283 + 42 + 44 + 45 + 47
  [HH] p10, p30 <- 016 + 017 + 018 + 019 + 021 + 116 + 117 + 118 + 120 + 1027 + 1126 + 1225 + 1324 + 1423 + 1522 + 162 + 163 + 165 + 172 + 174 + 183 + 192 + 289 + 298 + 307 + 316 + 37
  [HH] p11, p31 <- 016 + 017 + 019 + 024 + 116 + 118 + 123 + 1027 + 1028 + 1030 + 1126 + 1127 + 1129 + 1225 + 1226 + 1228 + 1324 + 1325 + 1327 + 1423 + 1424 + 1426 + 1522 + 1523 + 1525 + 163 + 168 + 172 + 177 + 186 + 195 + 222 + 204 + 213 + 289 + 298 + 299 + 307 + 308 + 316 + 317 + 319 + 37 + 38 + 40
  [HH] p12, p28 <- 016 + 017 + 018 + 020 + 116 + 117 + 119 + 1026 + 1125 + 1224 + 1323 + 1422 + 1521 + 162 + 164 + 173 + 182 + 279 + 288 + 297 + 306 + 315 + 36
  [HH] p13, p29 <- 016 + 018 + 023 + 117 + 122 + 1026 + 1027 + 1029 + 1125 + 1126 + 1128 + 1224 + 1225 + 1227 + 1323 + 1324 + 1326 + 1422 + 1423 + 1425 + 1521 + 1522 + 1524 + 162 + 167 + 176 + 185 + 194 + 221 + 203 + 279 + 288 + 289 + 297 + 298 + 306 + 307 + 309 + 315 + 316 + 318 + 36 + 37 + 39
  [HH] p14, p18 <- 016 + 018 + 117 + 1024 + 1123 + 1222 + 1321 + 1420 + 1431 + 1519 + 1530 + 162 + 259 + 268 + 277 + 286 + 295 + 331 + 304 + 34 + 45
  [HH] p15, p27 <- 017 + 116 + 1023 + 1122 + 1221 + 1320 + 1331 + 1419 + 1430 + 1518 + 1529 + 1531 + 231 + 249 + 258 + 267 + 276 + 285 + 294 + 330 + 33 + 44 + 46
  [HH] p32, p33 <- 131 + 1022 + 1121 + 1220 + 1231 + 1319 + 1330 + 1418 + 1429 + 1431 + 1517 + 1528 + 1530 + 1531 + 230 + 239 + 248 + 257 + 266 + 275 + 284 + 293 + 32 + 43 + 45 + 46
  [HH] p34, p35 <- 116 + 1023 + 1122 + 1221 + 1320 + 1331 + 1419 + 1430 + 1518 + 1529 + 1531 + 231 + 249 + 258 + 267 + 276 + 285 + 294 + 330 + 33 + 44 + 46
  [HH] p36, p37 <- 1023 + 1122 + 1221 + 1320 + 1331 + 1419 + 1430 + 1518 + 1529 + 1531 + 231 + 249 + 258 + 267 + 276 + 285 + 294 + 330 + 33 + 44 + 46
  [HH] p38, p39 <- 117 + 131 + 1022 + 1024 + 1121 + 1123 + 1220 + 1222 + 1231 + 1319 + 1321 + 1330 + 1418 + 1420 + 1429 + 1517 + 1519 + 1528 + 1531 + 162 + 230 + 239 + 248 + 257 + 259 + 266 + 268 + 275 + 277 + 284 + 286 + 293 + 295 + 331 + 304 + 32 + 34 + 43 + 46
  [HH] p40, p41 <- 131 + 1022 + 1024 + 1121 + 1123 + 1220 + 1222 + 1231 + 1319 + 1321 + 1330 + 1418 + 1420 + 1429 + 1517 + 1519 + 1528 + 1531 + 162 + 230 + 239 + 248 + 257 + 259 + 266 + 268 + 275 + 277 + 284 + 286 + 293 + 295 + 331 + 304 + 32 + 34 + 43 + 46
  [HH] p42, p43 <- 131 + 1022 + 1024 + 1121 + 1123 + 1220 + 1222 + 1231 + 1319 + 1321 + 1330 + 1418 + 1420 + 1429 + 1517 + 1519 + 1528 + 1531 + 230 + 239 + 248 + 257 + 259 + 266 + 268 + 275 + 277 + 284 + 286 + 293 + 295 + 331 + 304 + 32 + 34 + 43 + 46
  [HH] p44, p45 <- 118 + 131 + 1022 + 1023 + 1025 + 1121 + 1122 + 1124 + 1220 + 1221 + 1223 + 1231 + 1319 + 1320 + 1322 + 1330 + 1331 + 1418 + 1419 + 1421 + 1429 + 1430 + 1431 + 1517 + 1518 + 1520 + 1528 + 1529 + 1530 + 1531 + 163 + 172 + 230 + 231 + 239 + 248 + 249 + 257 + 258 + 266 + 267 + 269 + 275 + 276 + 278 + 284 + 285 + 287 + 293 + 294 + 296 + 330 + 305 + 314 + 32 + 33 + 35 + 43 + 44 + 45 + 46
  [HH] p46, p47 <- 131 + 1022 + 1023 + 1025 + 1121 + 1122 + 1124 + 1220 + 1221 + 1223 + 1231 + 1319 + 1320 + 1322 + 1330 + 1331 + 1418 + 1419 + 1421 + 1429 + 1430 + 1431 + 1517 + 1518 + 1520 + 1528 + 1529 + 1530 + 1531 + 163 + 172 + 230 + 231 + 239 + 248 + 249 + 257 + 258 + 266 + 267 + 269 + 275 + 276 + 278 + 284 + 285 + 287 + 293 + 294 + 296 + 330 + 305 + 314 + 32 + 33 + 35 + 43 + 44 + 45 + 46
  [HH] p48, p49 <- 131 + 1022 + 1023 + 1025 + 1121 + 1122 + 1124 + 1220 + 1221 + 1223 + 1231 + 1319 + 1320 + 1322 + 1330 + 1331 + 1418 + 1419 + 1421 + 1429 + 1430 + 1431 + 1517 + 1518 + 1520 + 1528 + 1529 + 1530 + 1531 + 163 + 230 + 231 + 239 + 248 + 249 + 257 + 258 + 266 + 267 + 269 + 275 + 276 + 278 + 284 + 285 + 287 + 293 + 294 + 296 + 330 + 305 + 314 + 32 + 33 + 35 + 43 + 44 + 45 + 46
  [HH] p50, p51 <- 131 + 1022 + 1023 + 1025 + 1121 + 1122 + 1124 + 1220 + 1221 + 1223 + 1231 + 1319 + 1320 + 1322 + 1330 + 1331 + 1418 + 1419 + 1421 + 1429 + 1430 + 1431 + 1517 + 1518 + 1520 + 1528 + 1529 + 1530 + 1531 + 230 + 231 + 239 + 248 + 249 + 257 + 258 + 266 + 267 + 269 + 275 + 276 + 278 + 284 + 285 + 287 + 293 + 294 + 296 + 330 + 305 + 314 + 32 + 33 + 35 + 43 + 44 + 45 + 46
  [HH] p52, p53 <- 119 + 1023 + 1024 + 1026 + 1122 + 1123 + 1125 + 1221 + 1222 + 1224 + 1320 + 1321 + 1323 + 1331 + 1419 + 1420 + 1422 + 1430 + 1431 + 1518 + 1519 + 1521 + 1529 + 1530 + 1531 + 164 + 173 + 182 + 231 + 249 + 258 + 259 + 267 + 268 + 276 + 277 + 279 + 285 + 286 + 288 + 294 + 295 + 297 + 330 + 331 + 304 + 306 + 315 + 33 + 34 + 36 + 44 + 45 + 46
  [HH] p54, p55 <- 1023 + 1024 + 1026 + 1122 + 1123 + 1125 + 1221 + 1222 + 1224 + 1320 + 1321 + 1323 + 1331 + 1419 + 1420 + 1422 + 1430 + 1431 + 1518 + 1519 + 1521 + 1529 + 1530 + 1531 + 164 + 173 + 182 + 231 + 249 + 258 + 259 + 267 + 268 + 276 + 277 + 279 + 285 + 286 + 288 + 294 + 295 + 297 + 330 + 331 + 304 + 306 + 315 + 33 + 34 + 36 + 44 + 45 + 46
  [HH] p56, p57 <- 1023 + 1024 + 1026 + 1122 + 1123 + 1125 + 1221 + 1222 + 1224 + 1320 + 1321 + 1323 + 1331 + 1419 + 1420 + 1422 + 1430 + 1431 + 1518 + 1519 + 1521 + 1529 + 1530 + 1531 + 164 + 173 + 231 + 249 + 258 + 259 + 267 + 268 + 276 + 277 + 279 + 285 + 286 + 288 + 294 + 295 + 297 + 330 + 331 + 304 + 306 + 315 + 33 + 34 + 36 + 44 + 45 + 46
  [HH] p58, p59 <- 1023 + 1024 + 1026 + 1122 + 1123 + 1125 + 1221 + 1222 + 1224 + 1320 + 1321 + 1323 + 1331 + 1419 + 1420 + 1422 + 1430 + 1431 + 1518 + 1519 + 1521 + 1529 + 1530 + 1531 + 164 + 231 + 249 + 258 + 259 + 267 + 268 + 276 + 277 + 279 + 285 + 286 + 288 + 294 + 295 + 297 + 330 + 331 + 304 + 306 + 315 + 33 + 34 + 36 + 44 + 45 + 46
  [HH] p60, p61 <- 1023 + 1024 + 1026 + 1122 + 1123 + 1125 + 1221 + 1222 + 1224 + 1320 + 1321 + 1323 + 1331 + 1419 + 1420 + 1422 + 1430 + 1431 + 1518 + 1519 + 1521 + 1529 + 1530 + 1531 + 231 + 249 + 258 + 259 + 267 + 268 + 276 + 277 + 279 + 285 + 286 + 288 + 294 + 295 + 297 + 330 + 331 + 304 + 306 + 315 + 33 + 34 + 36 + 44 + 45 + 46
  [HH] p62, p63 <- 120 + 131 + 1022 + 1024 + 1025 + 1027 + 1121 + 1123 + 1124 + 1126 + 1220 + 1222 + 1223 + 1225 + 1231 + 1319 + 1321 + 1322 + 1324 + 1330 + 1418 + 1420 + 1421 + 1423 + 1429 + 1517 + 1519 + 1520 + 1522 + 1528 + 165 + 174 + 183 + 192 + 230 + 239 + 248 + 257 + 259 + 266 + 268 + 269 + 275 + 277 + 278 + 284 + 286 + 287 + 289 + 293 + 295 + 296 + 298 + 331 + 304 + 305 + 307 + 314 + 316 + 32 + 34 + 35 + 37 + 43
  [HH] p64, p65 <- 131 + 1022 + 1024 + 1025 + 1027 + 1121 + 1123 + 1124 + 1126 + 1220 + 1222 + 1223 + 1225 + 1231 + 1319 + 1321 + 1322 + 1324 + 1330 + 1418 + 1420 + 1421 + 1423 + 1429 + 1517 + 1519 + 1520 + 1522 + 1528 + 165 + 174 + 183 + 192 + 230 + 239 + 248 + 257 + 259 + 266 + 268 + 269 + 275 + 277 + 278 + 284 + 286 + 287 + 289 + 293 + 295 + 296 + 298 + 331 + 304 + 305 + 307 + 314 + 316 + 32 + 34 + 35 + 37 + 43
  [HH] p66, p67 <- 131 + 1022 + 1024 + 1025 + 1027 + 1121 + 1123 + 1124 + 1126 + 1220 + 1222 + 1223 + 1225 + 1231 + 1319 + 1321 + 1322 + 1324 + 1330 + 1418 + 1420 + 1421 + 1423 + 1429 + 1517 + 1519 + 1520 + 1522 + 1528 + 165 + 174 + 183 + 230 + 239 + 248 + 257 + 259 + 266 + 268 + 269 + 275 + 277 + 278 + 284 + 286 + 287 + 289 + 293 + 295 + 296 + 298 + 331 + 304 + 305 + 307 + 314 + 316 + 32 + 34 + 35 + 37 + 43
  [HH] p68, p69 <- 131 + 1022 + 1024 + 1025 + 1027 + 1121 + 1123 + 1124 + 1126 + 1220 + 1222 + 1223 + 1225 + 1231 + 1319 + 1321 + 1322 + 1324 + 1330 + 1418 + 1420 + 1421 + 1423 + 1429 + 1517 + 1519 + 1520 + 1522 + 1528 + 165 + 174 + 230 + 239 + 248 + 257 + 259 + 266 + 268 + 269 + 275 + 277 + 278 + 284 + 286 + 287 + 289 + 293 + 295 + 296 + 298 + 331 + 304 + 305 + 307 + 314 + 316 + 32 + 34 + 35 + 37 + 43
  [HH] p70, p71 <- 131 + 1022 + 1024 + 1025 + 1027 + 1121 + 1123 + 1124 + 1126 + 1220 + 1222 + 1223 + 1225 + 1231 + 1319 + 1321 + 1322 + 1324 + 1330 + 1418 + 1420 + 1421 + 1423 + 1429 + 1517 + 1519 + 1520 + 1522 + 1528 + 165 + 230 + 239 + 248 + 257 + 259 + 266 + 268 + 269 + 275 + 277 + 278 + 284 + 286 + 287 + 289 + 293 + 295 + 296 + 298 + 331 + 304 + 305 + 307 + 314 + 316 + 32 + 34 + 35 + 37 + 43
  [HH] p72, p73 <- 131 + 1022 + 1024 + 1025 + 1027 + 1121 + 1123 + 1124 + 1126 + 1220 + 1222 + 1223 + 1225 + 1231 + 1319 + 1321 + 1322 + 1324 + 1330 + 1418 + 1420 + 1421 + 1423 + 1429 + 1517 + 1519 + 1520 + 1522 + 1528 + 230 + 239 + 248 + 257 + 259 + 266 + 268 + 269 + 275 + 277 + 278 + 284 + 286 + 287 + 289 + 293 + 295 + 296 + 298 + 331 + 304 + 305 + 307 + 314 + 316 + 32 + 34 + 35 + 37 + 43
  [HH] p74, p75 <- 121 + 1023 + 1025 + 1026 + 1028 + 1122 + 1124 + 1125 + 1127 + 1221 + 1223 + 1224 + 1226 + 1320 + 1322 + 1323 + 1325 + 1331 + 1419 + 1421 + 1422 + 1424 + 1430 + 1518 + 1520 + 1521 + 1523 + 1529 + 166 + 175 + 184 + 193 + 220 + 231 + 249 + 258 + 267 + 269 + 276 + 278 + 279 + 285 + 287 + 288 + 294 + 296 + 297 + 299 + 330 + 305 + 306 + 308 + 314 + 315 + 317 + 33 + 35 + 36 + 38 + 44
  [HH] p76, p77 <- 1023 + 1025 + 1026 + 1028 + 1122 + 1124 + 1125 + 1127 + 1221 + 1223 + 1224 + 1226 + 1320 + 1322 + 1323 + 1325 + 1331 + 1419 + 1421 + 1422 + 1424 + 1430 + 1518 + 1520 + 1521 + 1523 + 1529 + 166 + 175 + 184 + 193 + 220 + 231 + 249 + 258 + 267 + 269 + 276 + 278 + 279 + 285 + 287 + 288 + 294 + 296 + 297 + 299 + 330 + 305 + 306 + 308 + 314 + 315 + 317 + 33 + 35 + 36 + 38 + 44
  [HH] p78, p79 <- 1023 + 1025 + 1026 + 1028 + 1122 + 1124 + 1125 + 1127 + 1221 + 1223 + 1224 + 1226 + 1320 + 1322 + 1323 + 1325 + 1331 + 1419 + 1421 + 1422 + 1424 + 1430 + 1518 + 1520 + 1521 + 1523 + 1529 + 166 + 175 + 184 + 193 + 231 + 249 + 258 + 267 + 269 + 276 + 278 + 279 + 285 + 287 + 288 + 294 + 296 + 297 + 299 + 330 + 305 + 306 + 308 + 314 + 315 + 317 + 33 + 35 + 36 + 38 + 44
  [HH] p80, p81 <- 1023 + 1025 + 1026 + 1028 + 1122 + 1124 + 1125 + 1127 + 1221 + 1223 + 1224 + 1226 + 1320 + 1322 + 1323 + 1325 + 1331 + 1419 + 1421 + 1422 + 1424 + 1430 + 1518 + 1520 + 1521 + 1523 + 1529 + 166 + 175 + 184 + 231 + 249 + 258 + 267 + 269 + 276 + 278 + 279 + 285 + 287 + 288 + 294 + 296 + 297 + 299 + 330 + 305 + 306 + 308 + 314 + 315 + 317 + 33 + 35 + 36 + 38 + 44
  [HH] p82, p83 <- 1023 + 1025 + 1026 + 1028 + 1122 + 1124 + 1125 + 1127 + 1221 + 1223 + 1224 + 1226 + 1320 + 1322 + 1323 + 1325 + 1331 + 1419 + 1421 + 1422 + 1424 + 1430 + 1518 + 1520 + 1521 + 1523 + 1529 + 166 + 175 + 231 + 249 + 258 + 267 + 269 + 276 + 278 + 279 + 285 + 287 + 288 + 294 + 296 + 297 + 299 + 330 + 305 + 306 + 308 + 314 + 315 + 317 + 33 + 35 + 36 + 38 + 44
  [HH] p84, p85 <- 1023 + 1025 + 1026 + 1028 + 1122 + 1124 + 1125 + 1127 + 1221 + 1223 + 1224 + 1226 + 1320 + 1322 + 1323 + 1325 + 1331 + 1419 + 1421 + 1422 + 1424 + 1430 + 1518 + 1520 + 1521 + 1523 + 1529 + 166 + 231 + 249 + 258 + 267 + 269 + 276 + 278 + 279 + 285 + 287 + 288 + 294 + 296 + 297 + 299 + 330 + 305 + 306 + 308 + 314 + 315 + 317 + 33 + 35 + 36 + 38 + 44
  [HH] p86, p87 <- 1023 + 1025 + 1026 + 1028 + 1122 + 1124 + 1125 + 1127 + 1221 + 1223 + 1224 + 1226 + 1320 + 1322 + 1323 + 1325 + 1331 + 1419 + 1421 + 1422 + 1424 + 1430 + 1518 + 1520 + 1521 + 1523 + 1529 + 231 + 249 + 258 + 267 + 269 + 276 + 278 + 279 + 285 + 287 + 288 + 294 + 296 + 297 + 299 + 330 + 305 + 306 + 308 + 314 + 315 + 317 + 33 + 35 + 36 + 38 + 44
  [HH] p88, p89 <- 122 + 1024 + 1026 + 1027 + 1029 + 1123 + 1125 + 1126 + 1128 + 1222 + 1224 + 1225 + 1227 + 1321 + 1323 + 1324 + 1326 + 1420 + 1422 + 1423 + 1425 + 1431 + 1519 + 1521 + 1522 + 1524 + 1530 + 167 + 176 + 185 + 194 + 221 + 203 + 259 + 268 + 277 + 279 + 286 + 288 + 289 + 295 + 297 + 298 + 331 + 304 + 306 + 307 + 309 + 315 + 316 + 318 + 34 + 36 + 37 + 39 + 45
  [HH] p90, p91 <- 1024 + 1026 + 1027 + 1029 + 1123 + 1125 + 1126 + 1128 + 1222 + 1224 + 1225 + 1227 + 1321 + 1323 + 1324 + 1326 + 1420 + 1422 + 1423 + 1425 + 1431 + 1519 + 1521 + 1522 + 1524 + 1530 + 167 + 176 + 185 + 194 + 221 + 203 + 259 + 268 + 277 + 279 + 286 + 288 + 289 + 295 + 297 + 298 + 331 + 304 + 306 + 307 + 309 + 315 + 316 + 318 + 34 + 36 + 37 + 39 + 45
  [HH] p92, p93 <- 1024 + 1026 + 1027 + 1029 + 1123 + 1125 + 1126 + 1128 + 1222 + 1224 + 1225 + 1227 + 1321 + 1323 + 1324 + 1326 + 1420 + 1422 + 1423 + 1425 + 1431 + 1519 + 1521 + 1522 + 1524 + 1530 + 167 + 176 + 185 + 194 + 203 + 259 + 268 + 277 + 279 + 286 + 288 + 289 + 295 + 297 + 298 + 331 + 304 + 306 + 307 + 309 + 315 + 316 + 318 + 34 + 36 + 37 + 39 + 45
  [HH] p94, p95 <- 1024 + 1026 + 1027 + 1029 + 1123 + 1125 + 1126 + 1128 + 1222 + 1224 + 1225 + 1227 + 1321 + 1323 + 1324 + 1326 + 1420 + 1422 + 1423 + 1425 + 1431 + 1519 + 1521 + 1522 + 1524 + 1530 + 167 + 176 + 185 + 194 + 259 + 268 + 277 + 279 + 286 + 288 + 289 + 295 + 297 + 298 + 331 + 304 + 306 + 307 + 309 + 315 + 316 + 318 + 34 + 36 + 37 + 39 + 45
  [HH] p96, p97 <- 1024 + 1026 + 1027 + 1029 + 1123 + 1125 + 1126 + 1128 + 1222 + 1224 + 1225 + 1227 + 1321 + 1323 + 1324 + 1326 + 1420 + 1422 + 1423 + 1425 + 1431 + 1519 + 1521 + 1522 + 1524 + 1530 + 167 + 176 + 185 + 259 + 268 + 277 + 279 + 286 + 288 + 289 + 295 + 297 + 298 + 331 + 304 + 306 + 307 + 309 + 315 + 316 + 318 + 34 + 36 + 37 + 39 + 45
  [HH] p98, p99 <- 1024 + 1026 + 1027 + 1029 + 1123 + 1125 + 1126 + 1128 + 1222 + 1224 + 1225 + 1227 + 1321 + 1323 + 1324 + 1326 + 1420 + 1422 + 1423 + 1425 + 1431 + 1519 + 1521 + 1522 + 1524 + 1530 + 167 + 176 + 259 + 268 + 277 + 279 + 286 + 288 + 289 + 295 + 297 + 298 + 331 + 304 + 306 + 307 + 309 + 315 + 316 + 318 + 34 + 36 + 37 + 39 + 45
  [HH] p100, p101 <- 1024 + 1026 + 1027 + 1029 + 1123 + 1125 + 1126 + 1128 + 1222 + 1224 + 1225 + 1227 + 1321 + 1323 + 1324 + 1326 + 1420 + 1422 + 1423 + 1425 + 1431 + 1519 + 1521 + 1522 + 1524 + 1530 + 167 + 259 + 268 + 277 + 279 + 286 + 288 + 289 + 295 + 297 + 298 + 331 + 304 + 306 + 307 + 309 + 315 + 316 + 318 + 34 + 36 + 37 + 39 + 45
  [HH] p102, p103 <- 1024 + 1026 + 1027 + 1029 + 1123 + 1125 + 1126 + 1128 + 1222 + 1224 + 1225 + 1227 + 1321 + 1323 + 1324 + 1326 + 1420 + 1422 + 1423 + 1425 + 1431 + 1519 + 1521 + 1522 + 1524 + 1530 + 259 + 268 + 277 + 279 + 286 + 288 + 289 + 295 + 297 + 298 + 331 + 304 + 306 + 307 + 309 + 315 + 316 + 318 + 34 + 36 + 37 + 39 + 45
  [HH] p104, p105 <- 123 + 1025 + 1027 + 1028 + 1030 + 1124 + 1126 + 1127 + 1129 + 1223 + 1225 + 1226 + 1228 + 1322 + 1324 + 1325 + 1327 + 1421 + 1423 + 1424 + 1426 + 1520 + 1522 + 1523 + 1525 + 1531 + 168 + 177 + 186 + 195 + 222 + 204 + 213 + 269 + 278 + 287 + 289 + 296 + 298 + 299 + 305 + 307 + 308 + 314 + 316 + 317 + 319 + 35 + 37 + 38 + 40 + 46
  [HH] p106, p107 <- 1025 + 1027 + 1028 + 1030 + 1124 + 1126 + 1127 + 1129 + 1223 + 1225 + 1226 + 1228 + 1322 + 1324 + 1325 + 1327 + 1421 + 1423 + 1424 + 1426 + 1520 + 1522 + 1523 + 1525 + 1531 + 168 + 177 + 186 + 195 + 222 + 204 + 213 + 269 + 278 + 287 + 289 + 296 + 298 + 299 + 305 + 307 + 308 + 314 + 316 + 317 + 319 + 35 + 37 + 38 + 40 + 46
  [HH] p108, p109 <- 1025 + 1027 + 1028 + 1030 + 1124 + 1126 + 1127 + 1129 + 1223 + 1225 + 1226 + 1228 + 1322 + 1324 + 1325 + 1327 + 1421 + 1423 + 1424 + 1426 + 1520 + 1522 + 1523 + 1525 + 1531 + 168 + 177 + 186 + 195 + 204 + 213 + 269 + 278 + 287 + 289 + 296 + 298 + 299 + 305 + 307 + 308 + 314 + 316 + 317 + 319 + 35 + 37 + 38 + 40 + 46
  [HH] p110, p111 <- 1025 + 1027 + 1028 + 1030 + 1124 + 1126 + 1127 + 1129 + 1223 + 1225 + 1226 + 1228 + 1322 + 1324 + 1325 + 1327 + 1421 + 1423 + 1424 + 1426 + 1520 + 1522 + 1523 + 1525 + 1531 + 168 + 177 + 186 + 195 + 204 + 269 + 278 + 287 + 289 + 296 + 298 + 299 + 305 + 307 + 308 + 314 + 316 + 317 + 319 + 35 + 37 + 38 + 40 + 46
  [HH] p112, p113 <- 1025 + 1027 + 1028 + 1030 + 1124 + 1126 + 1127 + 1129 + 1223 + 1225 + 1226 + 1228 + 1322 + 1324 + 1325 + 1327 + 1421 + 1423 + 1424 + 1426 + 1520 + 1522 + 1523 + 1525 + 1531 + 168 + 177 + 186 + 195 + 269 + 278 + 287 + 289 + 296 + 298 + 299 + 305 + 307 + 308 + 314 + 316 + 317 + 319 + 35 + 37 + 38 + 40 + 46
  [HH] p114, p115 <- 1025 + 1027 + 1028 + 1030 + 1124 + 1126 + 1127 + 1129 + 1223 + 1225 + 1226 + 1228 + 1322 + 1324 + 1325 + 1327 + 1421 + 1423 + 1424 + 1426 + 1520 + 1522 + 1523 + 1525 + 1531 + 168 + 177 + 186 + 269 + 278 + 287 + 289 + 296 + 298 + 299 + 305 + 307 + 308 + 314 + 316 + 317 + 319 + 35 + 37 + 38 + 40 + 46
  [HH] p116, p117 <- 1025 + 1027 + 1028 + 1030 + 1124 + 1126 + 1127 + 1129 + 1223 + 1225 + 1226 + 1228 + 1322 + 1324 + 1325 + 1327 + 1421 + 1423 + 1424 + 1426 + 1520 + 1522 + 1523 + 1525 + 1531 + 168 + 177 + 269 + 278 + 287 + 289 + 296 + 298 + 299 + 305 + 307 + 308 + 314 + 316 + 317 + 319 + 35 + 37 + 38 + 40 + 46
  [HH] p118, p119 <- 1025 + 1027 + 1028 + 1030 + 1124 + 1126 + 1127 + 1129 + 1223 + 1225 + 1226 + 1228 + 1322 + 1324 + 1325 + 1327 + 1421 + 1423 + 1424 + 1426 + 1520 + 1522 + 1523 + 1525 + 1531 + 168 + 269 + 278 + 287 + 289 + 296 + 298 + 299 + 305 + 307 + 308 + 314 + 316 + 317 + 319 + 35 + 37 + 38 + 40 + 46
  [HH] p120, p163 <- 1027 + 1028 + 1030 + 1126 + 1127 + 1129 + 1225 + 1226 + 1228 + 1324 + 1325 + 1327 + 1423 + 1424 + 1426 + 1522 + 1523 + 1525 + 289 + 298 + 299 + 307 + 308 + 316 + 317 + 319 + 37 + 38 + 40 + 47 + p187 + p213 + p241 + p303
  [HH] p122, p123 <- 124 + 1026 + 1028 + 1029 + 1031 + 1125 + 1127 + 1128 + 1130 + 1224 + 1226 + 1227 + 1229 + 1323 + 1325 + 1326 + 1328 + 1422 + 1424 + 1425 + 1427 + 1521 + 1523 + 1524 + 1526 + 169 + 178 + 187 + 196 + 223 + 205 + 214 + 223 + 279 + 288 + 297 + 299 + 306 + 308 + 309 + 315 + 317 + 318 + 36 + 38 + 39 + 41
  [HH] p124, p125 <- 1026 + 1028 + 1029 + 1031 + 1125 + 1127 + 1128 + 1130 + 1224 + 1226 + 1227 + 1229 + 1323 + 1325 + 1326 + 1328 + 1422 + 1424 + 1425 + 1427 + 1521 + 1523 + 1524 + 1526 + 169 + 178 + 187 + 196 + 223 + 205 + 214 + 223 + 279 + 288 + 297 + 299 + 306 + 308 + 309 + 315 + 317 + 318 + 36 + 38 + 39 + 41
  [HH] p126, p127 <- 1026 + 1028 + 1029 + 1031 + 1125 + 1127 + 1128 + 1130 + 1224 + 1226 + 1227 + 1229 + 1323 + 1325 + 1326 + 1328 + 1422 + 1424 + 1425 + 1427 + 1521 + 1523 + 1524 + 1526 + 169 + 178 + 187 + 196 + 205 + 214 + 223 + 279 + 288 + 297 + 299 + 306 + 308 + 309 + 315 + 317 + 318 + 36 + 38 + 39 + 41
  [HH] p128, p129 <- 1026 + 1028 + 1029 + 1031 + 1125 + 1127 + 1128 + 1130 + 1224 + 1226 + 1227 + 1229 + 1323 + 1325 + 1326 + 1328 + 1422 + 1424 + 1425 + 1427 + 1521 + 1523 + 1524 + 1526 + 169 + 178 + 187 + 196 + 205 + 214 + 279 + 288 + 297 + 299 + 306 + 308 + 309 + 315 + 317 + 318 + 36 + 38 + 39 + 41
  [HH] p130, p131 <- 1026 + 1028 + 1029 + 1031 + 1125 + 1127 + 1128 + 1130 + 1224 + 1226 + 1227 + 1229 + 1323 + 1325 + 1326 + 1328 + 1422 + 1424 + 1425 + 1427 + 1521 + 1523 + 1524 + 1526 + 169 + 178 + 187 + 196 + 205 + 279 + 288 + 297 + 299 + 306 + 308 + 309 + 315 + 317 + 318 + 36 + 38 + 39 + 41
  [HH] p132, p133 <- 1026 + 1028 + 1029 + 1031 + 1125 + 1127 + 1128 + 1130 + 1224 + 1226 + 1227 + 1229 + 1323 + 1325 + 1326 + 1328 + 1422 + 1424 + 1425 + 1427 + 1521 + 1523 + 1524 + 1526 + 169 + 178 + 187 + 196 + 279 + 288 + 297 + 299 + 306 + 308 + 309 + 315 + 317 + 318 + 36 + 38 + 39 + 41
  [HH] p134, p135 <- 1026 + 1028 + 1029 + 1031 + 1125 + 1127 + 1128 + 1130 + 1224 + 1226 + 1227 + 1229 + 1323 + 1325 + 1326 + 1328 + 1422 + 1424 + 1425 + 1427 + 1521 + 1523 + 1524 + 1526 + 169 + 178 + 187 + 279 + 288 + 297 + 299 + 306 + 308 + 309 + 315 + 317 + 318 + 36 + 38 + 39 + 41
  [HH] p136, p137 <- 1026 + 1028 + 1029 + 1031 + 1125 + 1127 + 1128 + 1130 + 1224 + 1226 + 1227 + 1229 + 1323 + 1325 + 1326 + 1328 + 1422 + 1424 + 1425 + 1427 + 1521 + 1523 + 1524 + 1526 + 169 + 178 + 279 + 288 + 297 + 299 + 306 + 308 + 309 + 315 + 317 + 318 + 36 + 38 + 39 + 41
  [HH] p138, p139 <- 1026 + 1028 + 1029 + 1031 + 1125 + 1127 + 1128 + 1130 + 1224 + 1226 + 1227 + 1229 + 1323 + 1325 + 1326 + 1328 + 1422 + 1424 + 1425 + 1427 + 1521 + 1523 + 1524 + 1526 + 169 + 279 + 288 + 297 + 299 + 306 + 308 + 309 + 315 + 317 + 318 + 36 + 38 + 39 + 41
  [HH] p140, p141 <- 1026 + 1028 + 1029 + 1031 + 1125 + 1127 + 1128 + 1130 + 1224 + 1226 + 1227 + 1229 + 1323 + 1325 + 1326 + 1328 + 1422 + 1424 + 1425 + 1427 + 1521 + 1523 + 1524 + 1526 + 279 + 288 + 297 + 299 + 306 + 308 + 309 + 315 + 317 + 318 + 36 + 38 + 39 + 41
  [HH] p142, p143 <- 125 + 1016 + 1027 + 1029 + 1030 + 1126 + 1128 + 1129 + 1131 + 1225 + 1227 + 1228 + 1230 + 1324 + 1326 + 1327 + 1329 + 1423 + 1425 + 1426 + 1428 + 1522 + 1524 + 1525 + 1527 + 179 + 188 + 197 + 224 + 206 + 215 + 224 + 233 + 289 + 298 + 307 + 309 + 316 + 318 + 319 + 37 + 39 + 40 + 42
  [HH] p144, p145 <- 1016 + 1027 + 1029 + 1030 + 1126 + 1128 + 1129 + 1131 + 1225 + 1227 + 1228 + 1230 + 1324 + 1326 + 1327 + 1329 + 1423 + 1425 + 1426 + 1428 + 1522 + 1524 + 1525 + 1527 + 179 + 188 + 197 + 224 + 206 + 215 + 224 + 233 + 289 + 298 + 307 + 309 + 316 + 318 + 319 + 37 + 39 + 40 + 42
  [HH] p146, p147 <- 1016 + 1027 + 1029 + 1030 + 1126 + 1128 + 1129 + 1131 + 1225 + 1227 + 1228 + 1230 + 1324 + 1326 + 1327 + 1329 + 1423 + 1425 + 1426 + 1428 + 1522 + 1524 + 1525 + 1527 + 179 + 188 + 197 + 206 + 215 + 224 + 233 + 289 + 298 + 307 + 309 + 316 + 318 + 319 + 37 + 39 + 40 + 42
  [HH] p148, p149 <- 1016 + 1027 + 1029 + 1030 + 1126 + 1128 + 1129 + 1131 + 1225 + 1227 + 1228 + 1230 + 1324 + 1326 + 1327 + 1329 + 1423 + 1425 + 1426 + 1428 + 1522 + 1524 + 1525 + 1527 + 179 + 188 + 197 + 206 + 215 + 224 + 289 + 298 + 307 + 309 + 316 + 318 + 319 + 37 + 39 + 40 + 42
  [HH] p150, p151 <- 1016 + 1027 + 1029 + 1030 + 1126 + 1128 + 1129 + 1131 + 1225 + 1227 + 1228 + 1230 + 1324 + 1326 + 1327 + 1329 + 1423 + 1425 + 1426 + 1428 + 1522 + 1524 + 1525 + 1527 + 179 + 188 + 197 + 206 + 215 + 289 + 298 + 307 + 309 + 316 + 318 + 319 + 37 + 39 + 40 + 42
  [HH] p152, p153 <- 1016 + 1027 + 1029 + 1030 + 1126 + 1128 + 1129 + 1131 + 1225 + 1227 + 1228 + 1230 + 1324 + 1326 + 1327 + 1329 + 1423 + 1425 + 1426 + 1428 + 1522 + 1524 + 1525 + 1527 + 179 + 188 + 197 + 206 + 289 + 298 + 307 + 309 + 316 + 318 + 319 + 37 + 39 + 40 + 42
  [HH] p154, p155 <- 1016 + 1027 + 1029 + 1030 + 1126 + 1128 + 1129 + 1131 + 1225 + 1227 + 1228 + 1230 + 1324 + 1326 + 1327 + 1329 + 1423 + 1425 + 1426 + 1428 + 1522 + 1524 + 1525 + 1527 + 179 + 188 + 197 + 289 + 298 + 307 + 309 + 316 + 318 + 319 + 37 + 39 + 40 + 42
  [HH] p156, p157 <- 1016 + 1027 + 1029 + 1030 + 1126 + 1128 + 1129 + 1131 + 1225 + 1227 + 1228 + 1230 + 1324 + 1326 + 1327 + 1329 + 1423 + 1425 + 1426 + 1428 + 1522 + 1524 + 1525 + 1527 + 179 + 188 + 289 + 298 + 307 + 309 + 316 + 318 + 319 + 37 + 39 + 40 + 42
  [HH] p158, p159 <- 1016 + 1027 + 1029 + 1030 + 1126 + 1128 + 1129 + 1131 + 1225 + 1227 + 1228 + 1230 + 1324 + 1326 + 1327 + 1329 + 1423 + 1425 + 1426 + 1428 + 1522 + 1524 + 1525 + 1527 + 179 + 289 + 298 + 307 + 309 + 316 + 318 + 319 + 37 + 39 + 40 + 42
  [HH] p160, p161 <- 1016 + 1027 + 1029 + 1030 + 1126 + 1128 + 1129 + 1131 + 1225 + 1227 + 1228 + 1230 + 1324 + 1326 + 1327 + 1329 + 1423 + 1425 + 1426 + 1428 + 1522 + 1524 + 1525 + 1527 + 289 + 298 + 307 + 309 + 316 + 318 + 319 + 37 + 39 + 40 + 42
  [HH] p162, p187 <- 1028 + 1029 + 1127 + 1128 + 1131 + 1226 + 1227 + 1230 + 1325 + 1326 + 1329 + 1424 + 1425 + 1428 + 1523 + 1524 + 1527 + 299 + 308 + 309 + 317 + 318 + 38 + 39 + 42 + 47 + p213 + p241 + p303
  [HH] p164, p165 <- 126 + 1017 + 1028 + 1030 + 1031 + 1116 + 1127 + 1129 + 1130 + 1226 + 1228 + 1229 + 1231 + 1325 + 1327 + 1328 + 1330 + 1424 + 1426 + 1427 + 1429 + 1523 + 1525 + 1526 + 1528 + 189 + 198 + 225 + 207 + 216 + 225 + 234 + 243 + 299 + 308 + 317 + 319 + 38 + 40 + 41 + 43
  [HH] p166, p167 <- 1017 + 1028 + 1030 + 1031 + 1116 + 1127 + 1129 + 1130 + 1226 + 1228 + 1229 + 1231 + 1325 + 1327 + 1328 + 1330 + 1424 + 1426 + 1427 + 1429 + 1523 + 1525 + 1526 + 1528 + 189 + 198 + 225 + 207 + 216 + 225 + 234 + 243 + 299 + 308 + 317 + 319 + 38 + 40 + 41 + 43
  [HH] p168, p169 <- 1017 + 1028 + 1030 + 1031 + 1116 + 1127 + 1129 + 1130 + 1226 + 1228 + 1229 + 1231 + 1325 + 1327 + 1328 + 1330 + 1424 + 1426 + 1427 + 1429 + 1523 + 1525 + 1526 + 1528 + 189 + 198 + 207 + 216 + 225 + 234 + 243 + 299 + 308 + 317 + 319 + 38 + 40 + 41 + 43
  [HH] p170, p171 <- 1017 + 1028 + 1030 + 1031 + 1116 + 1127 + 1129 + 1130 + 1226 + 1228 + 1229 + 1231 + 1325 + 1327 + 1328 + 1330 + 1424 + 1426 + 1427 + 1429 + 1523 + 1525 + 1526 + 1528 + 189 + 198 + 207 + 216 + 225 + 234 + 299 + 308 + 317 + 319 + 38 + 40 + 41 + 43
  [HH] p172, p173 <- 1017 + 1028 + 1030 + 1031 + 1116 + 1127 + 1129 + 1130 + 1226 + 1228 + 1229 + 1231 + 1325 + 1327 + 1328 + 1330 + 1424 + 1426 + 1427 + 1429 + 1523 + 1525 + 1526 + 1528 + 189 + 198 + 207 + 216 + 225 + 299 + 308 + 317 + 319 + 38 + 40 + 41 + 43
  [HH] p174, p175 <- 1017 + 1028 + 1030 + 1031 + 1116 + 1127 + 1129 + 1130 + 1226 + 1228 + 1229 + 1231 + 1325 + 1327 + 1328 + 1330 + 1424 + 1426 + 1427 + 1429 + 1523 + 1525 + 1526 + 1528 + 189 + 198 + 207 + 216 + 299 + 308 + 317 + 319 + 38 + 40 + 41 + 43
  [HH] p176, p177 <- 1017 + 1028 + 1030 + 1031 + 1116 + 1127 + 1129 + 1130 + 1226 + 1228 + 1229 + 1231 + 1325 + 1327 + 1328 + 1330 + 1424 + 1426 + 1427 + 1429 + 1523 + 1525 + 1526 + 1528 + 189 + 198 + 207 + 299 + 308 + 317 + 319 + 38 + 40 + 41 + 43
  [HH] p178, p179 <- 1017 + 1028 + 1030 + 1031 + 1116 + 1127 + 1129 + 1130 + 1226 + 1228 + 1229 + 1231 + 1325 + 1327 + 1328 + 1330 + 1424 + 1426 + 1427 + 1429 + 1523 + 1525 + 1526 + 1528 + 189 + 198 + 299 + 308 + 317 + 319 + 38 + 40 + 41 + 43
  [HH] p180, p181 <- 1017 + 1028 + 1030 + 1031 + 1116 + 1127 + 1129 + 1130 + 1226 + 1228 + 1229 + 1231 + 1325 + 1327 + 1328 + 1330 + 1424 + 1426 + 1427 + 1429 + 1523 + 1525 + 1526 + 1528 + 189 + 299 + 308 + 317 + 319 + 38 + 40 + 41 + 43
  [HH] p182, p183 <- 1017 + 1028 + 1030 + 1031 + 1116 + 1127 + 1129 + 1130 + 1226 + 1228 + 1229 + 1231 + 1325 + 1327 + 1328 + 1330 + 1424 + 1426 + 1427 + 1429 + 1523 + 1525 + 1526 + 1528 + 299 + 308 + 317 + 319 + 38 + 40 + 41 + 43
  [HH] p184, p185 <- 1028 + 1030 + 1031 + 1116 + 1127 + 1129 + 1130 + 1226 + 1228 + 1229 + 1231 + 1325 + 1327 + 1328 + 1330 + 1424 + 1426 + 1427 + 1429 + 1523 + 1525 + 1526 + 1528 + 299 + 308 + 317 + 319 + 38 + 40 + 41 + 43
  [HH] p186, p213 <- 1029 + 1030 + 1031 + 1128 + 1129 + 1130 + 1131 + 1227 + 1228 + 1229 + 1230 + 1231 + 1326 + 1327 + 1328 + 1329 + 1330 + 1425 + 1426 + 1427 + 1428 + 1429 + 1524 + 1525 + 1526 + 1527 + 1528 + 309 + 318 + 319 + 39 + 40 + 41 + 42 + 43 + 47 + p241 + p303
  [HH] p188, p189 <- 127 + 1018 + 1029 + 1031 + 1117 + 1128 + 1130 + 1131 + 1216 + 1227 + 1229 + 1230 + 1326 + 1328 + 1329 + 1331 + 1425 + 1427 + 1428 + 1430 + 1524 + 1526 + 1527 + 1529 + 199 + 226 + 208 + 217 + 226 + 235 + 244 + 253 + 309 + 318 + 39 + 41 + 42 + 44
  [HH] p190, p191 <- 1018 + 1029 + 1031 + 1117 + 1128 + 1130 + 1131 + 1216 + 1227 + 1229 + 1230 + 1326 + 1328 + 1329 + 1331 + 1425 + 1427 + 1428 + 1430 + 1524 + 1526 + 1527 + 1529 + 199 + 226 + 208 + 217 + 226 + 235 + 244 + 253 + 309 + 318 + 39 + 41 + 42 + 44
  [HH] p192, p193 <- 1018 + 1029 + 1031 + 1117 + 1128 + 1130 + 1131 + 1216 + 1227 + 1229 + 1230 + 1326 + 1328 + 1329 + 1331 + 1425 + 1427 + 1428 + 1430 + 1524 + 1526 + 1527 + 1529 + 199 + 208 + 217 + 226 + 235 + 244 + 253 + 309 + 318 + 39 + 41 + 42 + 44
  [HH] p194, p195 <- 1018 + 1029 + 1031 + 1117 + 1128 + 1130 + 1131 + 1216 + 1227 + 1229 + 1230 + 1326 + 1328 + 1329 + 1331 + 1425 + 1427 + 1428 + 1430 + 1524 + 1526 + 1527 + 1529 + 199 + 208 + 217 + 226 + 235 + 244 + 309 + 318 + 39 + 41 + 42 + 44
  [HH] p196, p197 <- 1018 + 1029 + 1031 + 1117 + 1128 + 1130 + 1131 + 1216 + 1227 + 1229 + 1230 + 1326 + 1328 + 1329 + 1331 + 1425 + 1427 + 1428 + 1430 + 1524 + 1526 + 1527 + 1529 + 199 + 208 + 217 + 226 + 235 + 309 + 318 + 39 + 41 + 42 + 44
  [HH] p198, p199 <- 1018 + 1029 + 1031 + 1117 + 1128 + 1130 + 1131 + 1216 + 1227 + 1229 + 1230 + 1326 + 1328 + 1329 + 1331 + 1425 + 1427 + 1428 + 1430 + 1524 + 1526 + 1527 + 1529 + 199 + 208 + 217 + 226 + 309 + 318 + 39 + 41 + 42 + 44
  [HH] p200, p201 <- 1018 + 1029 + 1031 + 1117 + 1128 + 1130 + 1131 + 1216 + 1227 + 1229 + 1230 + 1326 + 1328 + 1329 + 1331 + 1425 + 1427 + 1428 + 1430 + 1524 + 1526 + 1527 + 1529 + 199 + 208 + 217 + 309 + 318 + 39 + 41 + 42 + 44
  [HH] p202, p203 <- 1018 + 1029 + 1031 + 1117 + 1128 + 1130 + 1131 + 1216 + 1227 + 1229 + 1230 + 1326 + 1328 + 1329 + 1331 + 1425 + 1427 + 1428 + 1430 + 1524 + 1526 + 1527 + 1529 + 199 + 208 + 309 + 318 + 39 + 41 + 42 + 44
  [HH] p204, p205 <- 1018 + 1029 + 1031 + 1117 + 1128 + 1130 + 1131 + 1216 + 1227 + 1229 + 1230 + 1326 + 1328 + 1329 + 1331 + 1425 + 1427 + 1428 + 1430 + 1524 + 1526 + 1527 + 1529 + 199 + 309 + 318 + 39 + 41 + 42 + 44
  [HH] p206, p207 <- 1018 + 1029 + 1031 + 1117 + 1128 + 1130 + 1131 + 1216 + 1227 + 1229 + 1230 + 1326 + 1328 + 1329 + 1331 + 1425 + 1427 + 1428 + 1430 + 1524 + 1526 + 1527 + 1529 + 309 + 318 + 39 + 41 + 42 + 44
  [HH] p208, p209 <- 1029 + 1031 + 1117 + 1128 + 1130 + 1131 + 1216 + 1227 + 1229 + 1230 + 1326 + 1328 + 1329 + 1331 + 1425 + 1427 + 1428 + 1430 + 1524 + 1526 + 1527 + 1529 + 309 + 318 + 39 + 41 + 42 + 44
  [HH] p210, p211 <- 1029 + 1031 + 1128 + 1130 + 1131 + 1216 + 1227 + 1229 + 1230 + 1326 + 1328 + 1329 + 1331 + 1425 + 1427 + 1428 + 1430 + 1524 + 1526 + 1527 + 1529 + 309 + 318 + 39 + 41 + 42 + 44
  [HH] p212, p241 <- 1030 + 1129 + 1228 + 1231 + 1327 + 1330 + 1331 + 1426 + 1429 + 1430 + 1525 + 1528 + 1529 + 319 + 40 + 43 + 44 + 47 + p303
  [HH] p214, p215 <- 128 + 1019 + 1030 + 1118 + 1129 + 1131 + 1217 + 1228 + 1230 + 1231 + 1316 + 1327 + 1329 + 1330 + 1426 + 1428 + 1429 + 1431 + 1525 + 1527 + 1528 + 1530 + 227 + 209 + 218 + 227 + 236 + 245 + 254 + 263 + 319 + 40 + 42 + 43 + 45
  [HH] p216, p217 <- 1019 + 1030 + 1118 + 1129 + 1131 + 1217 + 1228 + 1230 + 1231 + 1316 + 1327 + 1329 + 1330 + 1426 + 1428 + 1429 + 1431 + 1525 + 1527 + 1528 + 1530 + 227 + 209 + 218 + 227 + 236 + 245 + 254 + 263 + 319 + 40 + 42 + 43 + 45
  [HH] p218, p219 <- 1019 + 1030 + 1118 + 1129 + 1131 + 1217 + 1228 + 1230 + 1231 + 1316 + 1327 + 1329 + 1330 + 1426 + 1428 + 1429 + 1431 + 1525 + 1527 + 1528 + 1530 + 209 + 218 + 227 + 236 + 245 + 254 + 263 + 319 + 40 + 42 + 43 + 45
  [HH] p220, p221 <- 1019 + 1030 + 1118 + 1129 + 1131 + 1217 + 1228 + 1230 + 1231 + 1316 + 1327 + 1329 + 1330 + 1426 + 1428 + 1429 + 1431 + 1525 + 1527 + 1528 + 1530 + 209 + 218 + 227 + 236 + 245 + 254 + 319 + 40 + 42 + 43 + 45
  [HH] p222, p223 <- 1019 + 1030 + 1118 + 1129 + 1131 + 1217 + 1228 + 1230 + 1231 + 1316 + 1327 + 1329 + 1330 + 1426 + 1428 + 1429 + 1431 + 1525 + 1527 + 1528 + 1530 + 209 + 218 + 227 + 236 + 245 + 319 + 40 + 42 + 43 + 45
  [HH] p224, p225 <- 1019 + 1030 + 1118 + 1129 + 1131 + 1217 + 1228 + 1230 + 1231 + 1316 + 1327 + 1329 + 1330 + 1426 + 1428 + 1429 + 1431 + 1525 + 1527 + 1528 + 1530 + 209 + 218 + 227 + 236 + 319 + 40 + 42 + 43 + 45
  [HH] p226, p227 <- 1019 + 1030 + 1118 + 1129 + 1131 + 1217 + 1228 + 1230 + 1231 + 1316 + 1327 + 1329 + 1330 + 1426 + 1428 + 1429 + 1431 + 1525 + 1527 + 1528 + 1530 + 209 + 218 + 227 + 319 + 40 + 42 + 43 + 45
  [HH] p228, p229 <- 1019 + 1030 + 1118 + 1129 + 1131 + 1217 + 1228 + 1230 + 1231 + 1316 + 1327 + 1329 + 1330 + 1426 + 1428 + 1429 + 1431 + 1525 + 1527 + 1528 + 1530 + 209 + 218 + 319 + 40 + 42 + 43 + 45
  [HH] p230, p231 <- 1019 + 1030 + 1118 + 1129 + 1131 + 1217 + 1228 + 1230 + 1231 + 1316 + 1327 + 1329 + 1330 + 1426 + 1428 + 1429 + 1431 + 1525 + 1527 + 1528 + 1530 + 209 + 319 + 40 + 42 + 43 + 45
  [HH] p232, p233 <- 1019 + 1030 + 1118 + 1129 + 1131 + 1217 + 1228 + 1230 + 1231 + 1316 + 1327 + 1329 + 1330 + 1426 + 1428 + 1429 + 1431 + 1525 + 1527 + 1528 + 1530 + 319 + 40 + 42 + 43 + 45
  [HH] p234, p235 <- 1030 + 1118 + 1129 + 1131 + 1217 + 1228 + 1230 + 1231 + 1316 + 1327 + 1329 + 1330 + 1426 + 1428 + 1429 + 1431 + 1525 + 1527 + 1528 + 1530 + 319 + 40 + 42 + 43 + 45
  [HH] p236, p237 <- 1030 + 1129 + 1131 + 1217 + 1228 + 1230 + 1231 + 1316 + 1327 + 1329 + 1330 + 1426 + 1428 + 1429 + 1431 + 1525 + 1527 + 1528 + 1530 + 319 + 40 + 42 + 43 + 45
  [HH] p238, p239 <- 1030 + 1129 + 1131 + 1228 + 1230 + 1231 + 1316 + 1327 + 1329 + 1330 + 1426 + 1428 + 1429 + 1431 + 1525 + 1527 + 1528 + 1530 + 319 + 40 + 42 + 43 + 45
  [HH] p240, p303 <- 1131 + 1230 + 1329 + 1331 + 1428 + 1430 + 1431 + 1527 + 1529 + 1530 + 42 + 44 + 45 + 47
  [HH] p242, p243 <- 129 + 1020 + 1031 + 1119 + 1130 + 1218 + 1229 + 1231 + 1317 + 1328 + 1330 + 1331 + 1416 + 1427 + 1429 + 1430 + 1526 + 1528 + 1529 + 1531 + 228 + 219 + 228 + 237 + 246 + 255 + 264 + 273 + 41 + 43 + 44 + 46
  [HH] p244, p245 <- 1020 + 1031 + 1119 + 1130 + 1218 + 1229 + 1231 + 1317 + 1328 + 1330 + 1331 + 1416 + 1427 + 1429 + 1430 + 1526 + 1528 + 1529 + 1531 + 228 + 219 + 228 + 237 + 246 + 255 + 264 + 273 + 41 + 43 + 44 + 46
  [HH] p246, p247 <- 1020 + 1031 + 1119 + 1130 + 1218 + 1229 + 1231 + 1317 + 1328 + 1330 + 1331 + 1416 + 1427 + 1429 + 1430 + 1526 + 1528 + 1529 + 1531 + 219 + 228 + 237 + 246 + 255 + 264 + 273 + 41 + 43 + 44 + 46
  [HH] p248, p249 <- 1020 + 1031 + 1119 + 1130 + 1218 + 1229 + 1231 + 1317 + 1328 + 1330 + 1331 + 1416 + 1427 + 1429 + 1430 + 1526 + 1528 + 1529 + 1531 + 219 + 228 + 237 + 246 + 255 + 264 + 41 + 43 + 44 + 46
  [HH] p250, p251 <- 1020 + 1031 + 1119 + 1130 + 1218 + 1229 + 1231 + 1317 + 1328 + 1330 + 1331 + 1416 + 1427 + 1429 + 1430 + 1526 + 1528 + 1529 + 1531 + 219 + 228 + 237 + 246 + 255 + 41 + 43 + 44 + 46
  [HH] p252, p253 <- 1020 + 1031 + 1119 + 1130 + 1218 + 1229 + 1231 + 1317 + 1328 + 1330 + 1331 + 1416 + 1427 + 1429 + 1430 + 1526 + 1528 + 1529 + 1531 + 219 + 228 + 237 + 246 + 41 + 43 + 44 + 46
  [HH] p254, p255 <- 1020 + 1031 + 1119 + 1130 + 1218 + 1229 + 1231 + 1317 + 1328 + 1330 + 1331 + 1416 + 1427 + 1429 + 1430 + 1526 + 1528 + 1529 + 1531 + 219 + 228 + 237 + 41 + 43 + 44 + 46
  [HH] p256, p257 <- 1020 + 1031 + 1119 + 1130 + 1218 + 1229 + 1231 + 1317 + 1328 + 1330 + 1331 + 1416 + 1427 + 1429 + 1430 + 1526 + 1528 + 1529 + 1531 + 219 + 228 + 41 + 43 + 44 + 46
  [HH] p258, p259 <- 1020 + 1031 + 1119 + 1130 + 1218 + 1229 + 1231 + 1317 + 1328 + 1330 + 1331 + 1416 + 1427 + 1429 + 1430 + 1526 + 1528 + 1529 + 1531 + 219 + 41 + 43 + 44 + 46
  [HH] p260, p261 <- 1020 + 1031 + 1119 + 1130 + 1218 + 1229 + 1231 + 1317 + 1328 + 1330 + 1331 + 1416 + 1427 + 1429 + 1430 + 1526 + 1528 + 1529 + 1531 + 41 + 43 + 44 + 46
  [HH] p262, p263 <- 1031 + 1119 + 1130 + 1218 + 1229 + 1231 + 1317 + 1328 + 1330 + 1331 + 1416 + 1427 + 1429 + 1430 + 1526 + 1528 + 1529 + 1531 + 41 + 43 + 44 + 46
  [HH] p264, p265 <- 1031 + 1130 + 1218 + 1229 + 1231 + 1317 + 1328 + 1330 + 1331 + 1416 + 1427 + 1429 + 1430 + 1526 + 1528 + 1529 + 1531 + 41 + 43 + 44 + 46
  [HH] p266, p267 <- 1031 + 1130 + 1229 + 1231 + 1317 + 1328 + 1330 + 1331 + 1416 + 1427 + 1429 + 1430 + 1526 + 1528 + 1529 + 1531 + 41 + 43 + 44 + 46
  [HH] p268, p269 <- 1031 + 1130 + 1229 + 1231 + 1328 + 1330 + 1331 + 1416 + 1427 + 1429 + 1430 + 1526 + 1528 + 1529 + 1531 + 41 + 43 + 44 + 46
  [HH] p270, p271 <- 1031 + 1130 + 1229 + 1231 + 1328 + 1330 + 1331 + 1427 + 1429 + 1430 + 1526 + 1528 + 1529 + 1531 + 41 + 43 + 44 + 46
  [Elim] p304
  [HH] p272, p273 <- 130 + 1021 + 1120 + 1131 + 1219 + 1230 + 1318 + 1329 + 1331 + 1417 + 1428 + 1430 + 1431 + 1516 + 1527 + 1529 + 1530 + 229 + 229 + 238 + 247 + 256 + 265 + 274 + 283 + 42 + 44 + 45 + 47
  [HH] p274, p275 <- 1021 + 1120 + 1131 + 1219 + 1230 + 1318 + 1329 + 1331 + 1417 + 1428 + 1430 + 1431 + 1516 + 1527 + 1529 + 1530 + 229 + 229 + 238 + 247 + 256 + 265 + 274 + 283 + 42 + 44 + 45 + 47
  [HH] p276, p277 <- 1021 + 1120 + 1131 + 1219 + 1230 + 1318 + 1329 + 1331 + 1417 + 1428 + 1430 + 1431 + 1516 + 1527 + 1529 + 1530 + 229 + 238 + 247 + 256 + 265 + 274 + 283 + 42 + 44 + 45 + 47
  [HH] p278, p279 <- 1021 + 1120 + 1131 + 1219 + 1230 + 1318 + 1329 + 1331 + 1417 + 1428 + 1430 + 1431 + 1516 + 1527 + 1529 + 1530 + 229 + 238 + 247 + 256 + 265 + 274 + 42 + 44 + 45 + 47
  [HH] p280, p281 <- 1021 + 1120 + 1131 + 1219 + 1230 + 1318 + 1329 + 1331 + 1417 + 1428 + 1430 + 1431 + 1516 + 1527 + 1529 + 1530 + 229 + 238 + 247 + 256 + 265 + 42 + 44 + 45 + 47
  [HH] p282, p283 <- 1021 + 1120 + 1131 + 1219 + 1230 + 1318 + 1329 + 1331 + 1417 + 1428 + 1430 + 1431 + 1516 + 1527 + 1529 + 1530 + 229 + 238 + 247 + 256 + 42 + 44 + 45 + 47
  [HH] p284, p285 <- 1021 + 1120 + 1131 + 1219 + 1230 + 1318 + 1329 + 1331 + 1417 + 1428 + 1430 + 1431 + 1516 + 1527 + 1529 + 1530 + 229 + 238 + 247 + 42 + 44 + 45 + 47
  [HH] p286, p287 <- 1021 + 1120 + 1131 + 1219 + 1230 + 1318 + 1329 + 1331 + 1417 + 1428 + 1430 + 1431 + 1516 + 1527 + 1529 + 1530 + 229 + 238 + 42 + 44 + 45 + 47
  [HH] p288, p289 <- 1021 + 1120 + 1131 + 1219 + 1230 + 1318 + 1329 + 1331 + 1417 + 1428 + 1430 + 1431 + 1516 + 1527 + 1529 + 1530 + 229 + 42 + 44 + 45 + 47
  [HH] p290, p291 <- 1021 + 1120 + 1131 + 1219 + 1230 + 1318 + 1329 + 1331 + 1417 + 1428 + 1430 + 1431 + 1516 + 1527 + 1529 + 1530 + 42 + 44 + 45 + 47
  [HH] p292, p293 <- 1120 + 1131 + 1219 + 1230 + 1318 + 1329 + 1331 + 1417 + 1428 + 1430 + 1431 + 1516 + 1527 + 1529 + 1530 + 42 + 44 + 45 + 47
  [HH] p294, p295 <- 1131 + 1219 + 1230 + 1318 + 1329 + 1331 + 1417 + 1428 + 1430 + 1431 + 1516 + 1527 + 1529 + 1530 + 42 + 44 + 45 + 47
  [HH] p296, p297 <- 1131 + 1230 + 1318 + 1329 + 1331 + 1417 + 1428 + 1430 + 1431 + 1516 + 1527 + 1529 + 1530 + 42 + 44 + 45 + 47
  [HH] p298, p299 <- 1131 + 1230 + 1329 + 1331 + 1417 + 1428 + 1430 + 1431 + 1516 + 1527 + 1529 + 1530 + 42 + 44 + 45 + 47
  [HH] p300, p301 <- 1131 + 1230 + 1329 + 1331 + 1428 + 1430 + 1431 + 1516 + 1527 + 1529 + 1530 + 42 + 44 + 45 + 47
  [Elim] p302
  [HH] p306, p307 <- 1530 + 45
  [Elim] p308
  [HH] p310, p311 <- 1430 + 1529 + 44
  [HH] p312, p313 <- 1529 + 44
  [Elim] p314
  [HH] p316, p317 <- 1330 + 1429 + 1528 + 43
  [HH] p318, p319 <- 1429 + 1528 + 43
  [HH] p320, p321 <- 1528 + 43
  [Elim] p322
  [HH] p324, p325 <- 1230 + 1329 + 1428 + 1527 + 42
  [HH] p326, p327 <- 1329 + 1428 + 1527 + 42
  [HH] p328, p329 <- 1428 + 1527 + 42
  [HH] p330, p331 <- 1527 + 42
  [Elim] p332
  [HH] p334, p335 <- 1130 + 1229 + 1328 + 1427 + 1526 + 41
  [HH] p336, p337 <- 1229 + 1328 + 1427 + 1526 + 41
  [HH] p338, p339 <- 1328 + 1427 + 1526 + 41
  [HH] p340, p341 <- 1427 + 1526 + 41
  [HH] p342, p343 <- 1526 + 41
  [Elim] p344
  [HH] p346, p347 <- 1030 + 1129 + 1228 + 1327 + 1426 + 1525 + 40
  [HH] p348, p349 <- 1129 + 1228 + 1327 + 1426 + 1525 + 40
  [HH] p350, p351 <- 1228 + 1327 + 1426 + 1525 + 40
  [HH] p352, p353 <- 1327 + 1426 + 1525 + 40
  [HH] p354, p355 <- 1426 + 1525 + 40
  [HH] p356, p357 <- 1525 + 40
  [Elim] p358
  [HH] p360, p361 <- 1029 + 1128 + 1227 + 1326 + 1425 + 1524 + 309 + 39
  [HH] p362, p363 <- 1029 + 1128 + 1227 + 1326 + 1425 + 1524 + 39
  [HH] p364, p365 <- 1128 + 1227 + 1326 + 1425 + 1524 + 39
  [HH] p366, p367 <- 1227 + 1326 + 1425 + 1524 + 39
  [HH] p368, p369 <- 1326 + 1425 + 1524 + 39
  [HH] p370, p371 <- 1425 + 1524 + 39
  [HH] p372, p373 <- 1524 + 39
  [Elim] p374
  [HH] p376, p377 <- 1028 + 1127 + 1226 + 1325 + 1424 + 1523 + 299 + 308 + 38
  [HH] p378, p379 <- 1028 + 1127 + 1226 + 1325 + 1424 + 1523 + 299 + 38
  [HH] p380, p381 <- 1028 + 1127 + 1226 + 1325 + 1424 + 1523 + 38
  [HH] p382, p383 <- 1127 + 1226 + 1325 + 1424 + 1523 + 38
  [HH] p384, p385 <- 1226 + 1325 + 1424 + 1523 + 38
  [HH] p386, p387 <- 1325 + 1424 + 1523 + 38
  [HH] p388, p389 <- 1424 + 1523 + 38
  [HH] p390, p391 <- 1523 + 38
  [Elim] p392
  [HH] p394, p395 <- 1027 + 1126 + 1225 + 1324 + 1423 + 1522 + 289 + 298 + 307 + 37
  [HH] p396, p397 <- 1027 + 1126 + 1225 + 1324 + 1423 + 1522 + 289 + 298 + 37
  [HH] p398, p399 <- 1027 + 1126 + 1225 + 1324 + 1423 + 1522 + 289 + 37
  [HH] p400, p401 <- 1027 + 1126 + 1225 + 1324 + 1423 + 1522 + 37
  [HH] p402, p403 <- 1126 + 1225 + 1324 + 1423 + 1522 + 37
  [HH] p404, p405 <- 1225 + 1324 + 1423 + 1522 + 37
  [HH] p406, p407 <- 1324 + 1423 + 1522 + 37
  [HH] p408, p409 <- 1423 + 1522 + 37
  [HH] p410, p411 <- 1522 + 37
  [Elim] p412
  [HH] p414, p415 <- 1026 + 1125 + 1224 + 1323 + 1422 + 1521 + 279 + 288 + 297 + 306 + 36
  [HH] p416, p417 <- 1026 + 1125 + 1224 + 1323 + 1422 + 1521 + 279 + 288 + 297 + 36
  [HH] p418, p419 <- 1026 + 1125 + 1224 + 1323 + 1422 + 1521 + 279 + 288 + 36
  [HH] p420, p421 <- 1026 + 1125 + 1224 + 1323 + 1422 + 1521 + 279 + 36
  [HH] p422, p423 <- 1026 + 1125 + 1224 + 1323 + 1422 + 1521 + 36
  [HH] p424, p425 <- 1125 + 1224 + 1323 + 1422 + 1521 + 36
  [HH] p426, p427 <- 1224 + 1323 + 1422 + 1521 + 36
  [HH] p428, p429 <- 1323 + 1422 + 1521 + 36
  [HH] p430, p431 <- 1422 + 1521 + 36
  [HH] p432, p433 <- 1521 + 36
  [Elim] p434
  [HH] p436, p437 <- 1025 + 1124 + 1223 + 1322 + 1421 + 1520 + 269 + 278 + 287 + 296 + 305 + 35
  [HH] p438, p439 <- 1025 + 1124 + 1223 + 1322 + 1421 + 1520 + 269 + 278 + 287 + 296 + 35
  [HH] p440, p441 <- 1025 + 1124 + 1223 + 1322 + 1421 + 1520 + 269 + 278 + 287 + 35
  [HH] p442, p443 <- 1025 + 1124 + 1223 + 1322 + 1421 + 1520 + 269 + 278 + 35
  [HH] p444, p445 <- 1025 + 1124 + 1223 + 1322 + 1421 + 1520 + 269 + 35
  [HH] p446, p447 <- 1025 + 1124 + 1223 + 1322 + 1421 + 1520 + 35
  [HH] p448, p449 <- 1124 + 1223 + 1322 + 1421 + 1520 + 35
  [HH] p450, p451 <- 1223 + 1322 + 1421 + 1520 + 35
  [HH] p452, p453 <- 1322 + 1421 + 1520 + 35
  [HH] p454, p455 <- 1421 + 1520 + 35
  [HH] p456, p457 <- 1520 + 35
  [Elim] p458
  [HH] p460, p461 <- 1024 + 1123 + 1222 + 1321 + 1420 + 1519 + 259 + 268 + 277 + 286 + 295 + 304 + 34
  [HH] p462, p463 <- 1024 + 1123 + 1222 + 1321 + 1420 + 1519 + 259 + 268 + 277 + 286 + 295 + 34
  [HH] p464, p465 <- 1024 + 1123 + 1222 + 1321 + 1420 + 1519 + 259 + 268 + 277 + 286 + 34
  [HH] p466, p467 <- 1024 + 1123 + 1222 + 1321 + 1420 + 1519 + 259 + 268 + 277 + 34
  [HH] p468, p469 <- 1024 + 1123 + 1222 + 1321 + 1420 + 1519 + 259 + 268 + 34
  [HH] p470, p471 <- 1024 + 1123 + 1222 + 1321 + 1420 + 1519 + 259 + 34
  [HH] p472, p473 <- 1024 + 1123 + 1222 + 1321 + 1420 + 1519 + 34
  [HH] p474, p475 <- 1123 + 1222 + 1321 + 1420 + 1519 + 34
  [HH] p476, p477 <- 1222 + 1321 + 1420 + 1519 + 34
  [HH] p478, p479 <- 1321 + 1420 + 1519 + 34
  [HH] p480, p481 <- 1420 + 1519 + 34
  [HH] p482, p483 <- 1519 + 34
  [Elim] p484
  [HH] p486, p487 <- 1023 + 1122 + 1221 + 1320 + 1419 + 1518 + 249 + 258 + 267 + 276 + 285 + 294 + 330 + 33
  [HH] p488, p489 <- 1023 + 1122 + 1221 + 1320 + 1419 + 1518 + 249 + 258 + 267 + 276 + 285 + 294 + 33
  [HH] p490, p491 <- 1023 + 1122 + 1221 + 1320 + 1419 + 1518 + 249 + 258 + 267 + 276 + 285 + 33
  [HH] p492, p493 <- 1023 + 1122 + 1221 + 1320 + 1419 + 1518 + 249 + 258 + 267 + 276 + 33
  [HH] p494, p495 <- 1023 + 1122 + 1221 + 1320 + 1419 + 1518 + 249 + 258 + 267 + 33
  [HH] p496, p497 <- 1023 + 1122 + 1221 + 1320 + 1419 + 1518 + 249 + 258 + 33
  [HH] p498, p499 <- 1023 + 1122 + 1221 + 1320 + 1419 + 1518 + 249 + 33
  [HH] p500, p501 <- 1023 + 1122 + 1221 + 1320 + 1419 + 1518 + 33
  [HH] p502, p503 <- 1122 + 1221 + 1320 + 1419 + 1518 + 33
  [HH] p504, p505 <- 1221 + 1320 + 1419 + 1518 + 33
  [HH] p506, p507 <- 1320 + 1419 + 1518 + 33
  [HH] p508, p509 <- 1419 + 1518 + 33
  [HH] p510, p511 <- 1518 + 33
  [Elim] p512
  [HH] p514, p515 <- 1022 + 1121 + 1220 + 1319 + 1418 + 1517 + 230 + 239 + 248 + 257 + 266 + 275 + 284 + 293 + 32
  [HH] p516, p517 <- 1022 + 1121 + 1220 + 1319 + 1418 + 1517 + 239 + 248 + 257 + 266 + 275 + 284 + 293 + 32
  [HH] p518, p519 <- 1022 + 1121 + 1220 + 1319 + 1418 + 1517 + 239 + 248 + 257 + 266 + 275 + 284 + 32
  [HH] p520, p521 <- 1022 + 1121 + 1220 + 1319 + 1418 + 1517 + 239 + 248 + 257 + 266 + 275 + 32
  [HH] p522, p523 <- 1022 + 1121 + 1220 + 1319 + 1418 + 1517 + 239 + 248 + 257 + 266 + 32
  [HH] p524, p525 <- 1022 + 1121 + 1220 + 1319 + 1418 + 1517 + 239 + 248 + 257 + 32
  [HH] p526, p527 <- 1022 + 1121 + 1220 + 1319 + 1418 + 1517 + 239 + 248 + 32
  [HH] p528, p529 <- 1022 + 1121 + 1220 + 1319 + 1418 + 1517 + 239 + 32
  [HH] p530, p531 <- 1022 + 1121 + 1220 + 1319 + 1418 + 1517 + 32
  [HH] p532, p533 <- 1121 + 1220 + 1319 + 1418 + 1517 + 32
  [HH] p534, p535 <- 1220 + 1319 + 1418 + 1517 + 32
  [HH] p536, p537 <- 1319 + 1418 + 1517 + 32
  [HH] p538, p539 <- 1418 + 1517 + 32
  [HH] p540, p541 <- 1517 + 32
  [Elim] p542
