Equal (took 2.306ms)
Proof:
  [HH] p0, p4 <- 04 + 17 + 26 + 35 + 8
  [HH] p1, p7 <- 04 + 05 + 14 + 27 + 36 + 9
  [HH] p2, p5 <- 07 + 16 + 10 + 11 + 25 + 34 + 37
  [HH] p3, p6 <- 06 + 15 + 10 + 24 + 27 + 36 + 37 + 9
  [HH] p8, p9 <- 17 + 26 + 35 + 8
  [HH] p10, p11 <- 14 + 17 + 26 + 27 + 35 + 36 + 8 + 9
  [HH] p12, p19 <- 11 + 27 + 36 + 9 + p27
  [HH] p14, p15 <- 15 + 10 + 24 + 27 + 36 + 37 + 9
  [HH] p16, p17 <- 10 + 24 + 27 + 36 + 37 + 9
  [HH] p18, p27 <- 10 + 11 + 37
  [Elim] p28
  [HH] p20, p21 <- 16 + 10 + 11 + 25 + 34 + 37
  [HH] p22, p23 <- 10 + 11 + 25 + 34 + 37
  [HH] p24, p25 <- 10 + 11 + 34 + 37
  [Elim] p26
  [HH] p30, p31 <- 36 + 9
  [Elim] p32
  [HH] p34, p35 <- 26 + 35 + 8
  [HH] p36, p37 <- 35 + 8
  [Elim] p38
