Equal (took 4.976ms)
Proof:
  [HH] p0, p5 <- 05 + 19 + 10 + 13 + 28 + 37 + 46 + 49
  [HH] p1, p6 <- 06 + 15 + 11 + 29 + 38 + 47
  [HH] p2, p9 <- 05 + 07 + 16 + 12 + 25 + 39 + 48
  [HH] p3, p8 <- 06 + 08 + 15 + 17 + 13 + 26 + 35 + 49
  [HH] p4, p7 <- 09 + 18 + 12 + 14 + 27 + 36 + 39 + 45 + 48
  [HH] p10, p21 <- 19 + 10 + 13 + 14 + 28 + 37 + 46 + 49 + p39
  [HH] p12, p13 <- 15 + 11 + 29 + 38 + 47
  [HH] p14, p15 <- 11 + 29 + 38 + 47
  [HH] p16, p17 <- 16 + 19 + 10 + 12 + 13 + 25 + 28 + 37 + 39 + 46 + 48 + 49
  [HH] p18, p19 <- 19 + 10 + 12 + 13 + 25 + 28 + 37 + 39 + 46 + 48 + 49
  [HH] p20, p39 <- 12 + 14 + 39 + 48
  [HH] p22, p23 <- 17 + 11 + 13 + 26 + 29 + 35 + 38 + 47 + 49
  [HH] p24, p25 <- 11 + 13 + 26 + 29 + 35 + 38 + 47 + 49
  [HH] p26, p27 <- 11 + 13 + 29 + 35 + 38 + 47 + 49
  [HH] p28, p29 <- 11 + 13 + 29 + 38 + 47 + 49
  [Elim] p40
  [HH] p30, p31 <- 18 + 12 + 14 + 27 + 36 + 39 + 45 + 48
  [HH] p32, p33 <- 12 + 14 + 27 + 36 + 39 + 45 + 48
  [HH] p34, p35 <- 12 + 14 + 36 + 39 + 45 + 48
  [HH] p36, p37 <- 12 + 14 + 39 + 45 + 48
  [Elim] p38
  [HH] p42, p43 <- 12 + 48
  [Elim] p44
  [HH] p46, p47 <- 11 + 38 + 47
  [HH] p48, p49 <- 11 + 47
  [Elim] p50
  [HH] p52, p53 <- 10 + 28 + 37 + 46
  [HH] p54, p55 <- 10 + 37 + 46
  [HH] p56, p57 <- 10 + 46
  [Elim] p58
