Equal (took 7.491ms)
Proof:
  [HH] p0, p6 <- 06 + 111 + 102 + 12 + 39 + 48 + 57
  [HH] p1, p11 <- 06 + 07 + 16 + 103 + 112 + 13 + 49 + 58
  [HH] p2, p9 <- 011 + 110 + 115 + 16 + 17 + 29 + 38 + 47 + 56
  [HH] p3, p8 <- 010 + 19 + 105 + 114 + 115 + 15 + 16 + 28 + 37 + 46
  [HH] p4, p7 <- 09 + 18 + 104 + 105 + 113 + 114 + 14 + 15 + 27 + 36 + 59
  [HH] p5, p10 <- 08 + 17 + 103 + 104 + 112 + 113 + 13 + 14 + 26 + 49 + 58 + 59
  [HH] p12, p17 <- 111 + 102 + 12 + 17 + 39 + 48 + 57 + p23 + p31 + p41 + p53
  [HH] p14, p15 <- 111 + 16 + 102 + 103 + 112 + 12 + 13 + 39 + 48 + 49 + 57 + 58
  [HH] p16, p23 <- 103 + 112 + 13 + 17 + 49 + 58 + p31 + p41 + p53
  [HH] p18, p19 <- 17 + 103 + 104 + 112 + 113 + 13 + 14 + 26 + 49 + 58 + 59
  [HH] p20, p21 <- 103 + 104 + 112 + 113 + 13 + 14 + 26 + 49 + 58 + 59
  [HH] p22, p31 <- 104 + 113 + 14 + 17 + 59 + p41 + p53
  [HH] p24, p25 <- 18 + 104 + 105 + 113 + 114 + 14 + 15 + 27 + 36 + 59
  [HH] p26, p27 <- 104 + 105 + 113 + 114 + 14 + 15 + 27 + 36 + 59
  [HH] p28, p29 <- 104 + 105 + 113 + 114 + 14 + 15 + 36 + 59
  [HH] p30, p41 <- 105 + 114 + 15 + 17 + p53
  [HH] p32, p33 <- 19 + 105 + 114 + 115 + 15 + 16 + 28 + 37 + 46
  [HH] p34, p35 <- 105 + 114 + 115 + 15 + 16 + 28 + 37 + 46
  [HH] p36, p37 <- 105 + 114 + 115 + 15 + 16 + 37 + 46
  [HH] p38, p39 <- 105 + 114 + 115 + 15 + 16 + 46
  [HH] p40, p53 <- 115 + 16 + 17
  [Elim] p54
  [HH] p42, p43 <- 110 + 115 + 16 + 17 + 29 + 38 + 47 + 56
  [HH] p44, p45 <- 115 + 16 + 17 + 29 + 38 + 47 + 56
  [HH] p46, p47 <- 115 + 16 + 17 + 38 + 47 + 56
  [HH] p48, p49 <- 115 + 16 + 17 + 47 + 56
  [HH] p50, p51 <- 115 + 16 + 17 + 56
  [Elim] p52
  [HH] p56, p57 <- 105 + 15
  [Elim] p58
  [HH] p60, p61 <- 104 + 14 + 59
  [HH] p62, p63 <- 14 + 59
  [Elim] p64
  [HH] p66, p67 <- 103 + 13 + 49 + 58
  [HH] p68, p69 <- 13 + 49 + 58
  [HH] p70, p71 <- 13 + 58
  [Elim] p72
  [HH] p74, p75 <- 102 + 12 + 39 + 48 + 57
  [HH] p76, p77 <- 12 + 39 + 48 + 57
  [HH] p78, p79 <- 12 + 48 + 57
  [HH] p80, p81 <- 12 + 57
  [Elim] p82
