Equal (took 8.542ms)
Proof:
  [HH] p0, p12 <- 07 + 113 + 104 + 113 + 122 + 14 + 59 + 68
  [HH] p1, p7 <- 07 + 08 + 17 + 105 + 114 + 123 + 132 + 15 + 69
  [HH] p2, p13 <- 07 + 08 + 09 + 17 + 18 + 106 + 115 + 124 + 133 + 16 + 27
  [HH] p3, p9 <- 013 + 112 + 103 + 112 + 136 + 19 + 20 + 49 + 58 + 67
  [HH] p4, p8 <- 012 + 111 + 102 + 126 + 135 + 136 + 18 + 19 + 39 + 48 + 57
  [HH] p5, p10 <- 011 + 110 + 116 + 125 + 126 + 134 + 135 + 17 + 18 + 29 + 38 + 47
  [HH] p6, p11 <- 010 + 19 + 106 + 115 + 116 + 124 + 125 + 133 + 134 + 16 + 17 + 28 + 37
  [HH] p14, p19 <- 113 + 104 + 113 + 122 + 14 + 20 + 59 + 68 + p25 + p33 + p43 + p55 + p69
  [HH] p16, p17 <- 113 + 17 + 104 + 105 + 113 + 114 + 122 + 123 + 132 + 14 + 15 + 59 + 68 + 69
  [HH] p18, p25 <- 105 + 114 + 123 + 132 + 15 + 20 + 69 + p33 + p43 + p55 + p69
  [HH] p20, p21 <- 18 + 105 + 106 + 114 + 115 + 123 + 124 + 132 + 133 + 15 + 16 + 27 + 69
  [HH] p22, p23 <- 105 + 106 + 114 + 115 + 123 + 124 + 132 + 133 + 15 + 16 + 27 + 69
  [HH] p24, p33 <- 106 + 115 + 124 + 133 + 16 + 20 + p43 + p55 + p69
  [HH] p26, p27 <- 19 + 106 + 115 + 116 + 124 + 125 + 133 + 134 + 16 + 17 + 28 + 37
  [HH] p28, p29 <- 106 + 115 + 116 + 124 + 125 + 133 + 134 + 16 + 17 + 28 + 37
  [HH] p30, p31 <- 106 + 115 + 116 + 124 + 125 + 133 + 134 + 16 + 17 + 37
  [HH] p32, p43 <- 116 + 125 + 134 + 17 + 20 + p55 + p69
  [HH] p34, p35 <- 110 + 116 + 125 + 126 + 134 + 135 + 17 + 18 + 29 + 38 + 47
  [HH] p36, p37 <- 116 + 125 + 126 + 134 + 135 + 17 + 18 + 29 + 38 + 47
  [HH] p38, p39 <- 116 + 125 + 126 + 134 + 135 + 17 + 18 + 38 + 47
  [HH] p40, p41 <- 116 + 125 + 126 + 134 + 135 + 17 + 18 + 47
  [HH] p42, p55 <- 126 + 135 + 18 + 20 + p69
  [HH] p44, p45 <- 111 + 102 + 126 + 135 + 136 + 18 + 19 + 39 + 48 + 57
  [HH] p46, p47 <- 102 + 126 + 135 + 136 + 18 + 19 + 39 + 48 + 57
  [HH] p48, p49 <- 126 + 135 + 136 + 18 + 19 + 39 + 48 + 57
  [HH] p50, p51 <- 126 + 135 + 136 + 18 + 19 + 48 + 57
  [HH] p52, p53 <- 126 + 135 + 136 + 18 + 19 + 57
  [HH] p54, p69 <- 136 + 19 + 20
  [Elim] p70
  [HH] p56, p57 <- 112 + 103 + 112 + 136 + 19 + 20 + 49 + 58 + 67
  [HH] p58, p59 <- 103 + 112 + 136 + 19 + 20 + 49 + 58 + 67
  [HH] p60, p61 <- 103 + 136 + 19 + 20 + 49 + 58 + 67
  [HH] p62, p63 <- 136 + 19 + 20 + 49 + 58 + 67
  [HH] p64, p65 <- 136 + 19 + 20 + 58 + 67
  [HH] p66, p67 <- 136 + 19 + 20 + 67
  [Elim] p68
  [HH] p72, p73 <- 126 + 18
  [Elim] p74
  [HH] p76, p77 <- 116 + 125 + 17
  [HH] p78, p79 <- 116 + 17
  [Elim] p80
  [HH] p82, p83 <- 106 + 115 + 124 + 16
  [HH] p84, p85 <- 106 + 115 + 16
  [HH] p86, p87 <- 106 + 16
  [Elim] p88
  [HH] p90, p91 <- 105 + 114 + 123 + 15 + 69
  [HH] p92, p93 <- 105 + 114 + 15 + 69
  [HH] p94, p95 <- 105 + 15 + 69
  [HH] p96, p97 <- 15 + 69
  [Elim] p98
  [HH] p100, p101 <- 104 + 113 + 122 + 14 + 59 + 68
  [HH] p102, p103 <- 104 + 113 + 14 + 59 + 68
  [HH] p104, p105 <- 104 + 14 + 59 + 68
  [HH] p106, p107 <- 14 + 59 + 68
  [HH] p108, p109 <- 14 + 68
  [Elim] p110
