Equal (took 12.049ms)
Proof:
  [HH] p0, p13 <- 08 + 115 + 106 + 115 + 124 + 133 + 137 + 142 + 146 + 147 + 155 + 156 + 157 + 16 + 20 + 21 + 22 + 79
  [HH] p1, p11 <- 015 + 114 + 105 + 114 + 123 + 127 + 132 + 136 + 137 + 145 + 146 + 147 + 154 + 155 + 156 + 19 + 20 + 21 + 23 + 69 + 78
  [HH] p2, p8 <- 010 + 013 + 08 + 09 + 112 + 18 + 19 + 103 + 112 + 127 + 136 + 145 + 147 + 154 + 156 + 19 + 28 + 21 + 49 + 58
  [HH] p3, p14 <- 010 + 012 + 09 + 111 + 18 + 19 + 102 + 137 + 146 + 155 + 28 + 20 + 39 + 48
  [HH] p4, p10 <- 011 + 08 + 09 + 110 + 18 + 127 + 136 + 145 + 154 + 19 + 29 + 38
  [HH] p5, p15 <- 010 + 014 + 08 + 113 + 19 + 104 + 113 + 122 + 127 + 136 + 137 + 145 + 146 + 154 + 155 + 157 + 19 + 28 + 20 + 22 + 59 + 68
  [HH] p6, p9 <- 010 + 08 + 19 + 117 + 126 + 135 + 144 + 153 + 157 + 18 + 28 + 22
  [HH] p7, p12 <- 09 + 18 + 107 + 116 + 125 + 134 + 143 + 147 + 152 + 156 + 157 + 17 + 21 + 22
  [HH] p16, p45 <- 115 + 106 + 115 + 124 + 133 + 137 + 142 + 146 + 147 + 155 + 156 + 157 + 16 + 20 + 21 + 22 + 23 + 79 + p57 + p87
  [HH] p18, p19 <- 18 + 107 + 116 + 125 + 134 + 143 + 147 + 152 + 156 + 157 + 17 + 21 + 22
  [HH] p20, p21 <- 107 + 116 + 125 + 134 + 143 + 147 + 152 + 156 + 157 + 17 + 21 + 22
  [HH] p22, p23 <- 115 + 19 + 106 + 115 + 117 + 124 + 126 + 133 + 135 + 137 + 142 + 144 + 146 + 147 + 153 + 155 + 156 + 16 + 18 + 28 + 20 + 21 + 79
  [HH] p24, p25 <- 115 + 106 + 115 + 117 + 124 + 126 + 133 + 135 + 137 + 142 + 144 + 146 + 147 + 153 + 155 + 156 + 16 + 18 + 28 + 20 + 21 + 79
  [HH] p26, p27 <- 115 + 106 + 115 + 117 + 124 + 126 + 133 + 135 + 137 + 142 + 144 + 146 + 147 + 153 + 155 + 156 + 16 + 18 + 20 + 21 + 79
  [HH] p28, p29 <- 110 + 115 + 106 + 107 + 115 + 116 + 124 + 125 + 127 + 133 + 134 + 136 + 137 + 142 + 143 + 145 + 146 + 152 + 154 + 155 + 16 + 17 + 19 + 29 + 20 + 38 + 79
  [HH] p30, p31 <- 115 + 106 + 107 + 115 + 116 + 124 + 125 + 127 + 133 + 134 + 136 + 137 + 142 + 143 + 145 + 146 + 152 + 154 + 155 + 16 + 17 + 19 + 29 + 20 + 38 + 79
  [HH] p32, p33 <- 115 + 106 + 107 + 115 + 116 + 124 + 125 + 127 + 133 + 134 + 136 + 137 + 142 + 143 + 145 + 146 + 152 + 154 + 155 + 16 + 17 + 19 + 20 + 38 + 79
  [HH] p34, p35 <- 115 + 106 + 107 + 115 + 116 + 124 + 125 + 127 + 133 + 134 + 136 + 137 + 142 + 143 + 145 + 146 + 152 + 154 + 155 + 16 + 17 + 19 + 20 + 79
  [HH] p36, p37 <- 111 + 115 + 102 + 106 + 107 + 115 + 116 + 117 + 124 + 125 + 126 + 133 + 134 + 135 + 142 + 143 + 144 + 152 + 153 + 157 + 16 + 17 + 18 + 22 + 39 + 48 + 79
  [HH] p38, p39 <- 115 + 102 + 106 + 107 + 115 + 116 + 117 + 124 + 125 + 126 + 133 + 134 + 135 + 142 + 143 + 144 + 152 + 153 + 157 + 16 + 17 + 18 + 22 + 39 + 48 + 79
  [HH] p40, p41 <- 115 + 106 + 107 + 115 + 116 + 117 + 124 + 125 + 126 + 133 + 134 + 135 + 142 + 143 + 144 + 152 + 153 + 157 + 16 + 17 + 18 + 22 + 39 + 48 + 79
  [HH] p42, p43 <- 115 + 106 + 107 + 115 + 116 + 117 + 124 + 125 + 126 + 133 + 134 + 135 + 142 + 143 + 144 + 152 + 153 + 157 + 16 + 17 + 18 + 22 + 48 + 79
  [HH] p44, p57 <- 107 + 116 + 117 + 125 + 126 + 134 + 135 + 137 + 143 + 144 + 146 + 147 + 152 + 153 + 155 + 156 + 17 + 18 + 20 + 21 + 23 + p87
  [HH] p46, p47 <- 112 + 103 + 107 + 112 + 116 + 117 + 125 + 126 + 127 + 134 + 135 + 136 + 143 + 144 + 145 + 152 + 153 + 154 + 17 + 18 + 19 + 49 + 58
  [HH] p48, p49 <- 103 + 107 + 112 + 116 + 117 + 125 + 126 + 127 + 134 + 135 + 136 + 143 + 144 + 145 + 152 + 153 + 154 + 17 + 18 + 19 + 49 + 58
  [HH] p50, p51 <- 103 + 107 + 116 + 117 + 125 + 126 + 127 + 134 + 135 + 136 + 143 + 144 + 145 + 152 + 153 + 154 + 17 + 18 + 19 + 49 + 58
  [HH] p52, p53 <- 107 + 116 + 117 + 125 + 126 + 127 + 134 + 135 + 136 + 143 + 144 + 145 + 152 + 153 + 154 + 17 + 18 + 19 + 49 + 58
  [HH] p54, p55 <- 107 + 116 + 117 + 125 + 126 + 127 + 134 + 135 + 136 + 143 + 144 + 145 + 152 + 153 + 154 + 17 + 18 + 19 + 58
  [HH] p56, p87 <- 127 + 136 + 137 + 145 + 146 + 147 + 154 + 155 + 156 + 19 + 20 + 21 + 23
  [HH] p58, p59 <- 113 + 104 + 113 + 117 + 122 + 126 + 127 + 135 + 136 + 137 + 144 + 145 + 146 + 153 + 154 + 155 + 18 + 19 + 20 + 59 + 68
  [HH] p60, p61 <- 104 + 113 + 117 + 122 + 126 + 127 + 135 + 136 + 137 + 144 + 145 + 146 + 153 + 154 + 155 + 18 + 19 + 20 + 59 + 68
  [HH] p62, p63 <- 104 + 113 + 117 + 126 + 127 + 135 + 136 + 137 + 144 + 145 + 146 + 153 + 154 + 155 + 18 + 19 + 20 + 59 + 68
  [HH] p64, p65 <- 104 + 117 + 126 + 127 + 135 + 136 + 137 + 144 + 145 + 146 + 153 + 154 + 155 + 18 + 19 + 20 + 59 + 68
  [HH] p66, p67 <- 117 + 126 + 127 + 135 + 136 + 137 + 144 + 145 + 146 + 153 + 154 + 155 + 18 + 19 + 20 + 59 + 68
  [HH] p68, p69 <- 117 + 126 + 127 + 135 + 136 + 137 + 144 + 145 + 146 + 153 + 154 + 155 + 18 + 19 + 20 + 68
  [HH] p70, p71 <- 117 + 126 + 127 + 135 + 136 + 137 + 144 + 145 + 146 + 153 + 154 + 155 + 18 + 19 + 20
  [Elim] p88
  [HH] p72, p73 <- 114 + 105 + 114 + 123 + 127 + 132 + 136 + 137 + 145 + 146 + 147 + 154 + 155 + 156 + 19 + 20 + 21 + 23 + 69 + 78
  [HH] p74, p75 <- 105 + 114 + 123 + 127 + 132 + 136 + 137 + 145 + 146 + 147 + 154 + 155 + 156 + 19 + 20 + 21 + 23 + 69 + 78
  [HH] p76, p77 <- 105 + 114 + 123 + 127 + 136 + 137 + 145 + 146 + 147 + 154 + 155 + 156 + 19 + 20 + 21 + 23 + 69 + 78
  [HH] p78, p79 <- 105 + 114 + 127 + 136 + 137 + 145 + 146 + 147 + 154 + 155 + 156 + 19 + 20 + 21 + 23 + 69 + 78
  [HH] p80, p81 <- 105 + 127 + 136 + 137 + 145 + 146 + 147 + 154 + 155 + 156 + 19 + 20 + 21 + 23 + 69 + 78
  [HH] p82, p83 <- 127 + 136 + 137 + 145 + 146 + 147 + 154 + 155 + 156 + 19 + 20 + 21 + 23 + 69 + 78
  [HH] p84, p85 <- 127 + 136 + 137 + 145 + 146 + 147 + 154 + 155 + 156 + 19 + 20 + 21 + 23 + 78
  [Elim] p86
  [HH] p90, p91 <- 147 + 21
  [Elim] p92
  [HH] p94, p95 <- 137 + 146 + 20
  [HH] p96, p97 <- 137 + 20
  [Elim] p98
  [HH] p100, p101 <- 127 + 136 + 145 + 19
  [HH] p102, p103 <- 127 + 136 + 19
  [HH] p104, p105 <- 127 + 19
  [Elim] p106
  [HH] p108, p109 <- 117 + 126 + 135 + 144 + 18
  [HH] p110, p111 <- 117 + 126 + 135 + 18
  [HH] p112, p113 <- 117 + 126 + 18
  [HH] p114, p115 <- 117 + 18
  [Elim] p116
  [HH] p118, p119 <- 107 + 116 + 125 + 134 + 143 + 17
  [HH] p120, p121 <- 107 + 116 + 125 + 134 + 17
  [HH] p122, p123 <- 107 + 116 + 125 + 17
  [HH] p124, p125 <- 107 + 116 + 17
  [HH] p126, p127 <- 107 + 17
  [Elim] p128
  [HH] p130, p131 <- 106 + 115 + 124 + 133 + 142 + 16 + 79
  [HH] p132, p133 <- 106 + 115 + 124 + 133 + 16 + 79
  [HH] p134, p135 <- 106 + 115 + 124 + 16 + 79
  [HH] p136, p137 <- 106 + 115 + 16 + 79
  [HH] p138, p139 <- 106 + 16 + 79
  [HH] p140, p141 <- 16 + 79
  [Elim] p142
