Equal (took 12.462ms)
Proof:
  [HH] p0, p9 <- 09 + 117 + 108 + 117 + 126 + 135 + 144 + 153 + 158 + 162 + 167 + 176 + 18 + 23
  [HH] p1, p10 <- 010 + 19 + 118 + 127 + 136 + 145 + 154 + 163 + 168 + 172 + 177 + 19 + 24
  [HH] p2, p13 <- 017 + 116 + 107 + 116 + 125 + 134 + 143 + 148 + 152 + 157 + 166 + 175 + 22 + 26 + 89
  [HH] p3, p14 <- 012 + 016 + 111 + 115 + 102 + 106 + 115 + 124 + 133 + 142 + 178 + 25 + 39 + 79
  [HH] p4, p15 <- 011 + 015 + 110 + 114 + 105 + 114 + 123 + 132 + 168 + 177 + 29 + 24 + 69
  [HH] p5, p16 <- 010 + 014 + 113 + 19 + 104 + 113 + 122 + 158 + 167 + 176 + 23 + 59
  [HH] p6, p17 <- 013 + 09 + 112 + 103 + 112 + 148 + 157 + 166 + 175 + 22 + 49
  [HH] p7, p12 <- 012 + 111 + 102 + 138 + 147 + 156 + 165 + 174 + 21 + 39
  [HH] p8, p11 <- 011 + 110 + 128 + 137 + 146 + 155 + 164 + 173 + 178 + 29 + 20 + 25
  [HH] p18, p19 <- 117 + 108 + 117 + 126 + 135 + 144 + 153 + 158 + 162 + 167 + 176 + 18 + 23
  [HH] p20, p21 <- 19 + 118 + 127 + 136 + 145 + 154 + 163 + 168 + 172 + 177 + 19 + 24
  [HH] p22, p23 <- 118 + 127 + 136 + 145 + 154 + 163 + 168 + 172 + 177 + 19 + 24
  [HH] p24, p25 <- 110 + 128 + 137 + 146 + 155 + 164 + 173 + 178 + 29 + 20 + 25
  [HH] p26, p27 <- 128 + 137 + 146 + 155 + 164 + 173 + 178 + 29 + 20 + 25
  [HH] p28, p29 <- 128 + 137 + 146 + 155 + 164 + 173 + 178 + 20 + 25
  [HH] p30, p31 <- 111 + 102 + 138 + 147 + 156 + 165 + 174 + 21 + 39
  [HH] p32, p33 <- 102 + 138 + 147 + 156 + 165 + 174 + 21 + 39
  [HH] p34, p35 <- 138 + 147 + 156 + 165 + 174 + 21 + 39
  [HH] p36, p37 <- 138 + 147 + 156 + 165 + 174 + 21
  [HH] p38, p39 <- 112 + 117 + 103 + 108 + 112 + 117 + 126 + 135 + 144 + 148 + 153 + 157 + 158 + 162 + 166 + 167 + 175 + 176 + 18 + 22 + 23 + 49
  [HH] p40, p41 <- 117 + 103 + 108 + 112 + 117 + 126 + 135 + 144 + 148 + 153 + 157 + 158 + 162 + 166 + 167 + 175 + 176 + 18 + 22 + 23 + 49
  [HH] p42, p43 <- 117 + 103 + 108 + 117 + 126 + 135 + 144 + 148 + 153 + 157 + 158 + 162 + 166 + 167 + 175 + 176 + 18 + 22 + 23 + 49
  [HH] p44, p45 <- 117 + 108 + 117 + 126 + 135 + 144 + 148 + 153 + 157 + 158 + 162 + 166 + 167 + 175 + 176 + 18 + 22 + 23 + 49
  [HH] p46, p47 <- 117 + 108 + 117 + 126 + 135 + 144 + 148 + 153 + 157 + 158 + 162 + 166 + 167 + 175 + 176 + 18 + 22 + 23
  [HH] p48, p49 <- 113 + 104 + 113 + 118 + 122 + 127 + 136 + 145 + 154 + 158 + 163 + 167 + 168 + 172 + 176 + 177 + 19 + 23 + 24 + 59
  [HH] p50, p51 <- 104 + 113 + 118 + 122 + 127 + 136 + 145 + 154 + 158 + 163 + 167 + 168 + 172 + 176 + 177 + 19 + 23 + 24 + 59
  [HH] p52, p53 <- 104 + 113 + 118 + 127 + 136 + 145 + 154 + 158 + 163 + 167 + 168 + 172 + 176 + 177 + 19 + 23 + 24 + 59
  [HH] p54, p55 <- 104 + 118 + 127 + 136 + 145 + 154 + 158 + 163 + 167 + 168 + 172 + 176 + 177 + 19 + 23 + 24 + 59
  [HH] p56, p57 <- 118 + 127 + 136 + 145 + 154 + 158 + 163 + 167 + 168 + 172 + 176 + 177 + 19 + 23 + 24 + 59
  [HH] p58, p59 <- 118 + 127 + 136 + 145 + 154 + 158 + 163 + 167 + 168 + 172 + 176 + 177 + 19 + 23 + 24
  [HH] p60, p61 <- 114 + 105 + 114 + 123 + 128 + 132 + 137 + 146 + 155 + 164 + 168 + 173 + 177 + 178 + 20 + 24 + 25 + 69
  [HH] p62, p63 <- 105 + 114 + 123 + 128 + 132 + 137 + 146 + 155 + 164 + 168 + 173 + 177 + 178 + 20 + 24 + 25 + 69
  [HH] p64, p65 <- 105 + 114 + 123 + 128 + 137 + 146 + 155 + 164 + 168 + 173 + 177 + 178 + 20 + 24 + 25 + 69
  [HH] p66, p67 <- 105 + 114 + 128 + 137 + 146 + 155 + 164 + 168 + 173 + 177 + 178 + 20 + 24 + 25 + 69
  [HH] p68, p69 <- 105 + 128 + 137 + 146 + 155 + 164 + 168 + 173 + 177 + 178 + 20 + 24 + 25 + 69
  [HH] p70, p71 <- 128 + 137 + 146 + 155 + 164 + 168 + 173 + 177 + 178 + 20 + 24 + 25 + 69
  [HH] p72, p73 <- 128 + 137 + 146 + 155 + 164 + 168 + 173 + 177 + 178 + 20 + 24 + 25
  [HH] p74, p75 <- 115 + 106 + 115 + 124 + 133 + 138 + 142 + 147 + 156 + 165 + 174 + 178 + 21 + 25 + 79
  [HH] p76, p77 <- 106 + 115 + 124 + 133 + 138 + 142 + 147 + 156 + 165 + 174 + 178 + 21 + 25 + 79
  [HH] p78, p79 <- 106 + 115 + 124 + 133 + 138 + 147 + 156 + 165 + 174 + 178 + 21 + 25 + 79
  [HH] p80, p81 <- 106 + 115 + 124 + 138 + 147 + 156 + 165 + 174 + 178 + 21 + 25 + 79
  [HH] p82, p83 <- 106 + 115 + 138 + 147 + 156 + 165 + 174 + 178 + 21 + 25 + 79
  [HH] p84, p85 <- 106 + 138 + 147 + 156 + 165 + 174 + 178 + 21 + 25 + 79
  [HH] p86, p87 <- 138 + 147 + 156 + 165 + 174 + 178 + 21 + 25 + 79
  [HH] p88, p89 <- 138 + 147 + 156 + 165 + 174 + 178 + 21 + 25
  [Elim] p108
  [HH] p90, p91 <- 116 + 107 + 116 + 125 + 134 + 143 + 148 + 152 + 157 + 166 + 175 + 22 + 26 + 89
  [HH] p92, p93 <- 107 + 116 + 125 + 134 + 143 + 148 + 152 + 157 + 166 + 175 + 22 + 26 + 89
  [HH] p94, p95 <- 107 + 116 + 125 + 134 + 143 + 148 + 157 + 166 + 175 + 22 + 26 + 89
  [HH] p96, p97 <- 107 + 116 + 125 + 134 + 148 + 157 + 166 + 175 + 22 + 26 + 89
  [HH] p98, p99 <- 107 + 116 + 125 + 148 + 157 + 166 + 175 + 22 + 26 + 89
  [HH] p100, p101 <- 107 + 116 + 148 + 157 + 166 + 175 + 22 + 26 + 89
  [HH] p102, p103 <- 107 + 148 + 157 + 166 + 175 + 22 + 26 + 89
  [HH] p104, p105 <- 148 + 157 + 166 + 175 + 22 + 26 + 89
  [Elim] p106
  [HH] p110, p111 <- 168 + 24
  [Elim] p112
  [HH] p114, p115 <- 158 + 167 + 23
  [HH] p116, p117 <- 158 + 23
  [Elim] p118
  [HH] p120, p121 <- 148 + 157 + 166 + 22
  [HH] p122, p123 <- 148 + 157 + 22
  [HH] p124, p125 <- 148 + 22
  [Elim] p126
  [HH] p128, p129 <- 138 + 147 + 156 + 165 + 21
  [HH] p130, p131 <- 138 + 147 + 156 + 21
  [HH] p132, p133 <- 138 + 147 + 21
  [HH] p134, p135 <- 138 + 21
  [Elim] p136
  [HH] p138, p139 <- 128 + 137 + 146 + 155 + 164 + 20
  [HH] p140, p141 <- 128 + 137 + 146 + 155 + 20
  [HH] p142, p143 <- 128 + 137 + 146 + 20
  [HH] p144, p145 <- 128 + 137 + 20
  [HH] p146, p147 <- 128 + 20
  [Elim] p148
  [HH] p150, p151 <- 118 + 127 + 136 + 145 + 154 + 163 + 19
  [HH] p152, p153 <- 118 + 127 + 136 + 145 + 154 + 19
  [HH] p154, p155 <- 118 + 127 + 136 + 145 + 19
  [HH] p156, p157 <- 118 + 127 + 136 + 19
  [HH] p158, p159 <- 118 + 127 + 19
  [HH] p160, p161 <- 118 + 19
  [Elim] p162
  [HH] p164, p165 <- 108 + 117 + 126 + 135 + 144 + 153 + 162 + 18
  [HH] p166, p167 <- 108 + 117 + 126 + 135 + 144 + 153 + 18
  [HH] p168, p169 <- 108 + 117 + 126 + 135 + 144 + 18
  [HH] p170, p171 <- 108 + 117 + 126 + 135 + 18
  [HH] p172, p173 <- 108 + 117 + 126 + 18
  [HH] p174, p175 <- 108 + 117 + 18
  [HH] p176, p177 <- 108 + 18
  [Elim] p178
